This is pdfTeX, Version 3.141592653-2.6-1.40.24 (MiKTeX 22.7) (preloaded format=pdflatex 2022.10.9)  7 NOV 2022 18:44
entering extended mode
 restricted \write18 enabled.
 %&-line parsing enabled.
**./ds_avance1.tex
(ds_avance1.tex
LaTeX2e <2022-06-01> patch level 5
L3 programming layer <2022-07-04>
(C:\Users\Juan González\AppData\Local\Programs\MiKTeX\tex/latex/base\article.c
ls
Document Class: article 2021/10/04 v1.4n Standard LaTeX document class

(C:\Users\Juan González\AppData\Local\Programs\MiKTeX\tex/latex/base\size12.cl
o
File: size12.clo 2021/10/04 v1.4n Standard LaTeX file (size option)
)
\c@part=\count185
\c@section=\count186
\c@subsection=\count187
\c@subsubsection=\count188
\c@paragraph=\count189
\c@subparagraph=\count190
\c@figure=\count191
\c@table=\count192
\abovecaptionskip=\skip47
\belowcaptionskip=\skip48
\bibindent=\dimen138
)
(C:\Users\Juan González\AppData\Local\Programs\MiKTeX\tex/latex/base\inputenc.
sty
Package: inputenc 2021/02/14 v1.3d Input encoding file
\inpenc@prehook=\toks16
\inpenc@posthook=\toks17
)
(C:\Users\Juan González\AppData\Local\Programs\MiKTeX\tex/latex/amsmath\amsmat
h.sty
Package: amsmath 2022/04/08 v2.17n AMS math features
\@mathmargin=\skip49

For additional information on amsmath, use the `?' option.

(C:\Users\Juan González\AppData\Local\Programs\MiKTeX\tex/latex/amsmath\amstex
t.sty
Package: amstext 2021/08/26 v2.01 AMS text

(C:\Users\Juan González\AppData\Local\Programs\MiKTeX\tex/latex/amsmath\amsgen
.sty
File: amsgen.sty 1999/11/30 v2.0 generic functions
\@emptytoks=\toks18
\ex@=\dimen139
))
(C:\Users\Juan González\AppData\Local\Programs\MiKTeX\tex/latex/amsmath\amsbsy
.sty
Package: amsbsy 1999/11/29 v1.2d Bold Symbols
\pmbraise@=\dimen140
)
(C:\Users\Juan González\AppData\Local\Programs\MiKTeX\tex/latex/amsmath\amsopn
.sty
Package: amsopn 2022/04/08 v2.04 operator names
)
\inf@bad=\count193
LaTeX Info: Redefining \frac on input line 234.
\uproot@=\count194
\leftroot@=\count195
LaTeX Info: Redefining \overline on input line 399.
LaTeX Info: Redefining \colon on input line 410.
\classnum@=\count196
\DOTSCASE@=\count197
LaTeX Info: Redefining \ldots on input line 496.
LaTeX Info: Redefining \dots on input line 499.
LaTeX Info: Redefining \cdots on input line 620.
\Mathstrutbox@=\box51
\strutbox@=\box52
LaTeX Info: Redefining \big on input line 722.
LaTeX Info: Redefining \Big on input line 723.
LaTeX Info: Redefining \bigg on input line 724.
LaTeX Info: Redefining \Bigg on input line 725.
\big@size=\dimen141
LaTeX Font Info:    Redeclaring font encoding OML on input line 743.
LaTeX Font Info:    Redeclaring font encoding OMS on input line 744.
\macc@depth=\count198
LaTeX Info: Redefining \bmod on input line 905.
LaTeX Info: Redefining \pmod on input line 910.
LaTeX Info: Redefining \smash on input line 940.
LaTeX Info: Redefining \relbar on input line 970.
LaTeX Info: Redefining \Relbar on input line 971.
\c@MaxMatrixCols=\count199
\dotsspace@=\muskip16
\c@parentequation=\count266
\dspbrk@lvl=\count267
\tag@help=\toks19
\row@=\count268
\column@=\count269
\maxfields@=\count270
\andhelp@=\toks20
\eqnshift@=\dimen142
\alignsep@=\dimen143
\tagshift@=\dimen144
\tagwidth@=\dimen145
\totwidth@=\dimen146
\lineht@=\dimen147
\@envbody=\toks21
\multlinegap=\skip50
\multlinetaggap=\skip51
\mathdisplay@stack=\toks22
LaTeX Info: Redefining \[ on input line 2953.
LaTeX Info: Redefining \] on input line 2954.
)
(C:\Users\Juan González\AppData\Local\Programs\MiKTeX\tex/latex/amsfonts\amsfo
nts.sty
Package: amsfonts 2013/01/14 v3.01 Basic AMSFonts support
\symAMSa=\mathgroup4
\symAMSb=\mathgroup5
LaTeX Font Info:    Redeclaring math symbol \hbar on input line 98.
LaTeX Font Info:    Overwriting math alphabet `\mathfrak' in version `bold'
(Font)                  U/euf/m/n --> U/euf/b/n on input line 106.
)
(C:\Users\Juan González\AppData\Local\Programs\MiKTeX\tex/latex/amsfonts\amssy
mb.sty
Package: amssymb 2013/01/14 v3.01 AMS font symbols
)
(C:\Users\Juan González\AppData\Local\Programs\MiKTeX\tex/latex/hyphenat\hyphe
nat.sty
Package: hyphenat 2009/09/02 v2.3c hyphenation utilities
\langwohyphens=\language79
LaTeX Info: Redefining \_ on input line 43.
)
(C:\Users\Juan González\AppData\Local\Programs\MiKTeX\tex/latex/tools\enumerat
e.sty
Package: enumerate 2015/07/23 v3.00 enumerate extensions (DPC)
\@enLab=\toks23
)
(C:\Users\Juan González\AppData\Local\Programs\MiKTeX\tex/generic/babel\babel.
sty
Package: babel 2022/06/26 3.77 The Babel package
\babel@savecnt=\count271
\U@D=\dimen148
\l@unhyphenated=\language80

(C:\Users\Juan González\AppData\Local\Programs\MiKTeX\tex/generic/babel\txtbab
el.def)
\bbl@readstream=\read2
\bbl@dirlevel=\count272

*************************************
* Local config file bblopts.cfg used
*

(C:\Users\Juan González\AppData\Local\Programs\MiKTeX\tex/latex/arabi\bblopts.
cfg
File: bblopts.cfg 2005/09/08 v0.1 add Arabic and Farsi to "declared" options of
 babel
)
(C:\Users\Juan González\AppData\Local\Programs\MiKTeX\tex/latex/babel-spanish\
spanish.ldf
Language: spanish.ldf 2021/05/27 v5.0q Spanish support from the babel system
\es@quottoks=\toks24
\es@quotdepth=\count273
Package babel Info: Making " an active character on input line 570.
Package babel Info: Making . an active character on input line 675.
Package babel Info: Making < an active character on input line 722.
Package babel Info: Making > an active character on input line 722.
))
(C:\Users\Juan González\AppData\Local\Programs\MiKTeX\tex/generic/babel/locale
/es\babel-spanish.tex
Package babel Info: Importing font and identification data for spanish
(babel)             from babel-es.ini. Reported on input line 11.
)
(C:\Users\Juan González\AppData\Local\Programs\MiKTeX\tex/latex/graphics\graph
icx.sty
Package: graphicx 2021/09/16 v1.2d Enhanced LaTeX Graphics (DPC,SPQR)

(C:\Users\Juan González\AppData\Local\Programs\MiKTeX\tex/latex/graphics\keyva
l.sty
Package: keyval 2022/05/29 v1.15 key=value parser (DPC)
\KV@toks@=\toks25
)
(C:\Users\Juan González\AppData\Local\Programs\MiKTeX\tex/latex/graphics\graph
ics.sty
Package: graphics 2022/03/10 v1.4e Standard LaTeX Graphics (DPC,SPQR)

(C:\Users\Juan González\AppData\Local\Programs\MiKTeX\tex/latex/graphics\trig.
sty
Package: trig 2021/08/11 v1.11 sin cos tan (DPC)
)
(C:\Users\Juan González\AppData\Local\Programs\MiKTeX\tex/latex/graphics-cfg\g
raphics.cfg
File: graphics.cfg 2016/06/04 v1.11 sample graphics configuration
)
Package graphics Info: Driver file: pdftex.def on input line 107.

(C:\Users\Juan González\AppData\Local\Programs\MiKTeX\tex/latex/graphics-def\p
dftex.def
File: pdftex.def 2020/10/05 v1.2a Graphics/color driver for pdftex
))
\Gin@req@height=\dimen149
\Gin@req@width=\dimen150
)
(C:\Users\Juan González\AppData\Local\Programs\MiKTeX\tex/latex/float\float.st
y
Package: float 2001/11/08 v1.3d Float enhancements (AL)
\c@float@type=\count274
\float@exts=\toks26
\float@box=\box53
\@float@everytoks=\toks27
\@floatcapt=\box54
)
(C:\Users\Juan González\AppData\Local\Programs\MiKTeX\tex/latex/tools\array.st
y
Package: array 2021/10/04 v2.5f Tabular extension package (FMi)
\col@sep=\dimen151
\ar@mcellbox=\box55
\extrarowheight=\dimen152
\NC@list=\toks28
\extratabsurround=\skip52
\backup@length=\skip53
\ar@cellbox=\box56
)
(C:\Users\Juan González\AppData\Local\Programs\MiKTeX\tex/latex/listings\listi
ngs.sty
\lst@mode=\count275
\lst@gtempboxa=\box57
\lst@token=\toks29
\lst@length=\count276
\lst@currlwidth=\dimen153
\lst@column=\count277
\lst@pos=\count278
\lst@lostspace=\dimen154
\lst@width=\dimen155
\lst@newlines=\count279
\lst@lineno=\count280
\lst@maxwidth=\dimen156

(C:\Users\Juan González\AppData\Local\Programs\MiKTeX\tex/latex/listings\lstmi
sc.sty
File: lstmisc.sty 2020/03/24 1.8d (Carsten Heinz)
\c@lstnumber=\count281
\lst@skipnumbers=\count282
\lst@framebox=\box58
)
(C:\Users\Juan González\AppData\Local\Programs\MiKTeX\tex/latex/listings\listi
ngs.cfg
File: listings.cfg 2020/03/24 1.8d listings configuration
))
Package: listings 2020/03/24 1.8d (Carsten Heinz)

(C:\Users\Juan González\AppData\Local\Programs\MiKTeX\tex/latex/tcolorbox\tcol
orbox.sty
Package: tcolorbox 2022/06/24 version 5.1.1 text color boxes

(C:\Users\Juan González\AppData\Local\Programs\MiKTeX\tex/latex/pgf/basiclayer
\pgf.sty
(C:\Users\Juan González\AppData\Local\Programs\MiKTeX\tex/latex/pgf/utilities\
pgfrcs.sty
(C:\Users\Juan González\AppData\Local\Programs\MiKTeX\tex/generic/pgf/utilitie
s\pgfutil-common.tex
\pgfutil@everybye=\toks30
\pgfutil@tempdima=\dimen157
\pgfutil@tempdimb=\dimen158

(C:\Users\Juan González\AppData\Local\Programs\MiKTeX\tex/generic/pgf/utilitie
s\pgfutil-common-lists.tex))
(C:\Users\Juan González\AppData\Local\Programs\MiKTeX\tex/generic/pgf/utilitie
s\pgfutil-latex.def
\pgfutil@abb=\box59
)
(C:\Users\Juan González\AppData\Local\Programs\MiKTeX\tex/generic/pgf/utilitie
s\pgfrcs.code.tex
(C:\Users\Juan González\AppData\Local\Programs\MiKTeX\tex/generic/pgf\pgf.revi
sion.tex)
Package: pgfrcs 2021/05/15 v3.1.9a (3.1.9a)
))
Package: pgf 2021/05/15 v3.1.9a (3.1.9a)

(C:\Users\Juan González\AppData\Local\Programs\MiKTeX\tex/latex/pgf/basiclayer
\pgfcore.sty
(C:\Users\Juan González\AppData\Local\Programs\MiKTeX\tex/latex/pgf/systemlaye
r\pgfsys.sty
(C:\Users\Juan González\AppData\Local\Programs\MiKTeX\tex/generic/pgf/systemla
yer\pgfsys.code.tex
Package: pgfsys 2021/05/15 v3.1.9a (3.1.9a)

(C:\Users\Juan González\AppData\Local\Programs\MiKTeX\tex/generic/pgf/utilitie
s\pgfkeys.code.tex
\pgfkeys@pathtoks=\toks31
\pgfkeys@temptoks=\toks32

(C:\Users\Juan González\AppData\Local\Programs\MiKTeX\tex/generic/pgf/utilitie
s\pgfkeysfiltered.code.tex
\pgfkeys@tmptoks=\toks33
))
\pgf@x=\dimen159
\pgf@y=\dimen160
\pgf@xa=\dimen161
\pgf@ya=\dimen162
\pgf@xb=\dimen163
\pgf@yb=\dimen164
\pgf@xc=\dimen165
\pgf@yc=\dimen166
\pgf@xd=\dimen167
\pgf@yd=\dimen168
\w@pgf@writea=\write3
\r@pgf@reada=\read3
\c@pgf@counta=\count283
\c@pgf@countb=\count284
\c@pgf@countc=\count285
\c@pgf@countd=\count286
\t@pgf@toka=\toks34
\t@pgf@tokb=\toks35
\t@pgf@tokc=\toks36
\pgf@sys@id@count=\count287

(C:\Users\Juan González\AppData\Local\Programs\MiKTeX\tex/generic/pgf/systemla
yer\pgf.cfg
File: pgf.cfg 2021/05/15 v3.1.9a (3.1.9a)
)
Driver file for pgf: pgfsys-pdftex.def

(C:\Users\Juan González\AppData\Local\Programs\MiKTeX\tex/generic/pgf/systemla
yer\pgfsys-pdftex.def
File: pgfsys-pdftex.def 2021/05/15 v3.1.9a (3.1.9a)

(C:\Users\Juan González\AppData\Local\Programs\MiKTeX\tex/generic/pgf/systemla
yer\pgfsys-common-pdf.def
File: pgfsys-common-pdf.def 2021/05/15 v3.1.9a (3.1.9a)
)))
(C:\Users\Juan González\AppData\Local\Programs\MiKTeX\tex/generic/pgf/systemla
yer\pgfsyssoftpath.code.tex
File: pgfsyssoftpath.code.tex 2021/05/15 v3.1.9a (3.1.9a)
\pgfsyssoftpath@smallbuffer@items=\count288
\pgfsyssoftpath@bigbuffer@items=\count289
)
(C:\Users\Juan González\AppData\Local\Programs\MiKTeX\tex/generic/pgf/systemla
yer\pgfsysprotocol.code.tex
File: pgfsysprotocol.code.tex 2021/05/15 v3.1.9a (3.1.9a)
))
(C:\Users\Juan González\AppData\Local\Programs\MiKTeX\tex/latex/xcolor\xcolor.
sty
Package: xcolor 2022/06/12 v2.14 LaTeX color extensions (UK)

(C:\Users\Juan González\AppData\Local\Programs\MiKTeX\tex/latex/graphics-cfg\c
olor.cfg
File: color.cfg 2016/01/02 v1.6 sample color configuration
)
Package xcolor Info: Driver file: pdftex.def on input line 227.

(C:\Users\Juan González\AppData\Local\Programs\MiKTeX\tex/latex-dev/graphics\m
athcolor.ltx)
Package xcolor Info: Model `cmy' substituted by `cmy0' on input line 1353.
Package xcolor Info: Model `hsb' substituted by `rgb' on input line 1357.
Package xcolor Info: Model `RGB' extended on input line 1369.
Package xcolor Info: Model `HTML' substituted by `rgb' on input line 1371.
Package xcolor Info: Model `Hsb' substituted by `hsb' on input line 1372.
Package xcolor Info: Model `tHsb' substituted by `hsb' on input line 1373.
Package xcolor Info: Model `HSB' substituted by `hsb' on input line 1374.
Package xcolor Info: Model `Gray' substituted by `gray' on input line 1375.
Package xcolor Info: Model `wave' substituted by `hsb' on input line 1376.
)
(C:\Users\Juan González\AppData\Local\Programs\MiKTeX\tex/generic/pgf/basiclay
er\pgfcore.code.tex
Package: pgfcore 2021/05/15 v3.1.9a (3.1.9a)

(C:\Users\Juan González\AppData\Local\Programs\MiKTeX\tex/generic/pgf/math\pgf
math.code.tex
(C:\Users\Juan González\AppData\Local\Programs\MiKTeX\tex/generic/pgf/math\pgf
mathcalc.code.tex
(C:\Users\Juan González\AppData\Local\Programs\MiKTeX\tex/generic/pgf/math\pgf
mathutil.code.tex)
(C:\Users\Juan González\AppData\Local\Programs\MiKTeX\tex/generic/pgf/math\pgf
mathparser.code.tex
\pgfmath@dimen=\dimen169
\pgfmath@count=\count290
\pgfmath@box=\box60
\pgfmath@toks=\toks37
\pgfmath@stack@operand=\toks38
\pgfmath@stack@operation=\toks39
)
(C:\Users\Juan González\AppData\Local\Programs\MiKTeX\tex/generic/pgf/math\pgf
mathfunctions.code.tex
(C:\Users\Juan González\AppData\Local\Programs\MiKTeX\tex/generic/pgf/math\pgf
mathfunctions.basic.code.tex)
(C:\Users\Juan González\AppData\Local\Programs\MiKTeX\tex/generic/pgf/math\pgf
mathfunctions.trigonometric.code.tex)
(C:\Users\Juan González\AppData\Local\Programs\MiKTeX\tex/generic/pgf/math\pgf
mathfunctions.random.code.tex)
(C:\Users\Juan González\AppData\Local\Programs\MiKTeX\tex/generic/pgf/math\pgf
mathfunctions.comparison.code.tex)
(C:\Users\Juan González\AppData\Local\Programs\MiKTeX\tex/generic/pgf/math\pgf
mathfunctions.base.code.tex)
(C:\Users\Juan González\AppData\Local\Programs\MiKTeX\tex/generic/pgf/math\pgf
mathfunctions.round.code.tex)
(C:\Users\Juan González\AppData\Local\Programs\MiKTeX\tex/generic/pgf/math\pgf
mathfunctions.misc.code.tex)
(C:\Users\Juan González\AppData\Local\Programs\MiKTeX\tex/generic/pgf/math\pgf
mathfunctions.integerarithmetics.code.tex)))
(C:\Users\Juan González\AppData\Local\Programs\MiKTeX\tex/generic/pgf/math\pgf
mathfloat.code.tex
\c@pgfmathroundto@lastzeros=\count291
))
(C:\Users\Juan González\AppData\Local\Programs\MiKTeX\tex/generic/pgf/math\pgf
int.code.tex)
(C:\Users\Juan González\AppData\Local\Programs\MiKTeX\tex/generic/pgf/basiclay
er\pgfcorepoints.code.tex
File: pgfcorepoints.code.tex 2021/05/15 v3.1.9a (3.1.9a)
\pgf@picminx=\dimen170
\pgf@picmaxx=\dimen171
\pgf@picminy=\dimen172
\pgf@picmaxy=\dimen173
\pgf@pathminx=\dimen174
\pgf@pathmaxx=\dimen175
\pgf@pathminy=\dimen176
\pgf@pathmaxy=\dimen177
\pgf@xx=\dimen178
\pgf@xy=\dimen179
\pgf@yx=\dimen180
\pgf@yy=\dimen181
\pgf@zx=\dimen182
\pgf@zy=\dimen183
)
(C:\Users\Juan González\AppData\Local\Programs\MiKTeX\tex/generic/pgf/basiclay
er\pgfcorepathconstruct.code.tex
File: pgfcorepathconstruct.code.tex 2021/05/15 v3.1.9a (3.1.9a)
\pgf@path@lastx=\dimen184
\pgf@path@lasty=\dimen185
)
(C:\Users\Juan González\AppData\Local\Programs\MiKTeX\tex/generic/pgf/basiclay
er\pgfcorepathusage.code.tex
File: pgfcorepathusage.code.tex 2021/05/15 v3.1.9a (3.1.9a)
\pgf@shorten@end@additional=\dimen186
\pgf@shorten@start@additional=\dimen187
)
(C:\Users\Juan González\AppData\Local\Programs\MiKTeX\tex/generic/pgf/basiclay
er\pgfcorescopes.code.tex
File: pgfcorescopes.code.tex 2021/05/15 v3.1.9a (3.1.9a)
\pgfpic=\box61
\pgf@hbox=\box62
\pgf@layerbox@main=\box63
\pgf@picture@serial@count=\count292
)
(C:\Users\Juan González\AppData\Local\Programs\MiKTeX\tex/generic/pgf/basiclay
er\pgfcoregraphicstate.code.tex
File: pgfcoregraphicstate.code.tex 2021/05/15 v3.1.9a (3.1.9a)
\pgflinewidth=\dimen188
)
(C:\Users\Juan González\AppData\Local\Programs\MiKTeX\tex/generic/pgf/basiclay
er\pgfcoretransformations.code.tex
File: pgfcoretransformations.code.tex 2021/05/15 v3.1.9a (3.1.9a)
\pgf@pt@x=\dimen189
\pgf@pt@y=\dimen190
\pgf@pt@temp=\dimen191
)
(C:\Users\Juan González\AppData\Local\Programs\MiKTeX\tex/generic/pgf/basiclay
er\pgfcorequick.code.tex
File: pgfcorequick.code.tex 2021/05/15 v3.1.9a (3.1.9a)
)
(C:\Users\Juan González\AppData\Local\Programs\MiKTeX\tex/generic/pgf/basiclay
er\pgfcoreobjects.code.tex
File: pgfcoreobjects.code.tex 2021/05/15 v3.1.9a (3.1.9a)
)
(C:\Users\Juan González\AppData\Local\Programs\MiKTeX\tex/generic/pgf/basiclay
er\pgfcorepathprocessing.code.tex
File: pgfcorepathprocessing.code.tex 2021/05/15 v3.1.9a (3.1.9a)
)
(C:\Users\Juan González\AppData\Local\Programs\MiKTeX\tex/generic/pgf/basiclay
er\pgfcorearrows.code.tex
File: pgfcorearrows.code.tex 2021/05/15 v3.1.9a (3.1.9a)
\pgfarrowsep=\dimen192
)
(C:\Users\Juan González\AppData\Local\Programs\MiKTeX\tex/generic/pgf/basiclay
er\pgfcoreshade.code.tex
File: pgfcoreshade.code.tex 2021/05/15 v3.1.9a (3.1.9a)
\pgf@max=\dimen193
\pgf@sys@shading@range@num=\count293
\pgf@shadingcount=\count294
)
(C:\Users\Juan González\AppData\Local\Programs\MiKTeX\tex/generic/pgf/basiclay
er\pgfcoreimage.code.tex
File: pgfcoreimage.code.tex 2021/05/15 v3.1.9a (3.1.9a)

(C:\Users\Juan González\AppData\Local\Programs\MiKTeX\tex/generic/pgf/basiclay
er\pgfcoreexternal.code.tex
File: pgfcoreexternal.code.tex 2021/05/15 v3.1.9a (3.1.9a)
\pgfexternal@startupbox=\box64
))
(C:\Users\Juan González\AppData\Local\Programs\MiKTeX\tex/generic/pgf/basiclay
er\pgfcorelayers.code.tex
File: pgfcorelayers.code.tex 2021/05/15 v3.1.9a (3.1.9a)
)
(C:\Users\Juan González\AppData\Local\Programs\MiKTeX\tex/generic/pgf/basiclay
er\pgfcoretransparency.code.tex
File: pgfcoretransparency.code.tex 2021/05/15 v3.1.9a (3.1.9a)
)
(C:\Users\Juan González\AppData\Local\Programs\MiKTeX\tex/generic/pgf/basiclay
er\pgfcorepatterns.code.tex
File: pgfcorepatterns.code.tex 2021/05/15 v3.1.9a (3.1.9a)
)
(C:\Users\Juan González\AppData\Local\Programs\MiKTeX\tex/generic/pgf/basiclay
er\pgfcorerdf.code.tex
File: pgfcorerdf.code.tex 2021/05/15 v3.1.9a (3.1.9a)
)))
(C:\Users\Juan González\AppData\Local\Programs\MiKTeX\tex/generic/pgf/modules\
pgfmoduleshapes.code.tex
File: pgfmoduleshapes.code.tex 2021/05/15 v3.1.9a (3.1.9a)
\pgfnodeparttextbox=\box65
)
(C:\Users\Juan González\AppData\Local\Programs\MiKTeX\tex/generic/pgf/modules\
pgfmoduleplot.code.tex
File: pgfmoduleplot.code.tex 2021/05/15 v3.1.9a (3.1.9a)
)
(C:\Users\Juan González\AppData\Local\Programs\MiKTeX\tex/latex/pgf/compatibil
ity\pgfcomp-version-0-65.sty
Package: pgfcomp-version-0-65 2021/05/15 v3.1.9a (3.1.9a)
\pgf@nodesepstart=\dimen194
\pgf@nodesepend=\dimen195
)
(C:\Users\Juan González\AppData\Local\Programs\MiKTeX\tex/latex/pgf/compatibil
ity\pgfcomp-version-1-18.sty
Package: pgfcomp-version-1-18 2021/05/15 v3.1.9a (3.1.9a)
))
(C:\Users\Juan González\AppData\Local\Programs\MiKTeX\tex/latex/tools\verbatim
.sty
Package: verbatim 2020-07-07 v1.5u LaTeX2e package for verbatim enhancements
\every@verbatim=\toks40
\verbatim@line=\toks41
\verbatim@in@stream=\read4
)
(C:\Users\Juan González\AppData\Local\Programs\MiKTeX\tex/latex/environ\enviro
n.sty
Package: environ 2014/05/04 v0.3 A new way to define environments

(C:\Users\Juan González\AppData\Local\Programs\MiKTeX\tex/latex/trimspaces\tri
mspaces.sty
Package: trimspaces 2009/09/17 v1.1 Trim spaces around a token list
))
(C:\Users\Juan González\AppData\Local\Programs\MiKTeX\tex/latex/etoolbox\etool
box.sty
Package: etoolbox 2020/10/05 v2.5k e-TeX tools for LaTeX (JAW)
\etb@tempcnta=\count295
)
\tcb@titlebox=\box66
\tcb@upperbox=\box67
\tcb@lowerbox=\box68
\tcb@phantombox=\box69
\c@tcbbreakpart=\count296
\c@tcblayer=\count297
\c@tcolorbox@number=\count298
\tcb@temp=\box70
\tcb@temp=\box71
\tcb@temp=\box72
\tcb@temp=\box73
)
(C:\Users\Juan González\AppData\Local\Programs\MiKTeX\tex/latex/l3backend\l3ba
ckend-pdftex.def
File: l3backend-pdftex.def 2022-07-01 L3 backend support: PDF output (pdfTeX)
\l__color_backend_stack_int=\count299
\l__pdf_internal_box=\box74
) (ds_avance1.aux
LaTeX Info: Redefining \. on input line 8.
LaTeX Info: Redefining \% on input line 8.
)
\openout1 = `ds_avance1.aux'.

LaTeX Font Info:    Checking defaults for OML/cmm/m/it on input line 18.
LaTeX Font Info:    ... okay on input line 18.
LaTeX Font Info:    Checking defaults for OMS/cmsy/m/n on input line 18.
LaTeX Font Info:    ... okay on input line 18.
LaTeX Font Info:    Checking defaults for OT1/cmr/m/n on input line 18.
LaTeX Font Info:    ... okay on input line 18.
LaTeX Font Info:    Checking defaults for T1/cmr/m/n on input line 18.
LaTeX Font Info:    ... okay on input line 18.
LaTeX Font Info:    Checking defaults for TS1/cmr/m/n on input line 18.
LaTeX Font Info:    ... okay on input line 18.
LaTeX Font Info:    Checking defaults for OMX/cmex/m/n on input line 18.
LaTeX Font Info:    ... okay on input line 18.
LaTeX Font Info:    Checking defaults for U/cmr/m/n on input line 18.
LaTeX Font Info:    ... okay on input line 18.
LaTeX Info: Redefining \. on input line 18.
LaTeX Info: Redefining \% on input line 18.

(C:\Users\Juan González\AppData\Local\Programs\MiKTeX\tex/context/base/mkii\su
pp-pdf.mkii
[Loading MPS to PDF converter (version 2006.09.02).]
\scratchcounter=\count300
\scratchdimen=\dimen196
\scratchbox=\box75
\nofMPsegments=\count301
\nofMParguments=\count302
\everyMPshowfont=\toks42
\MPscratchCnt=\count303
\MPscratchDim=\dimen197
\MPnumerator=\count304
\makeMPintoPDFobject=\count305
\everyMPtoPDFconversion=\toks43
)
(C:\Users\Juan González\AppData\Local\Programs\MiKTeX\tex/latex/epstopdf-pkg\e
pstopdf-base.sty
Package: epstopdf-base 2020-01-24 v2.11 Base part for package epstopdf
Package epstopdf-base Info: Redefining graphics rule for `.eps' on input line 4
85.

(C:\Users\Juan González\AppData\Local\Programs\MiKTeX\tex/latex/00miktex\epsto
pdf-sys.cfg
File: epstopdf-sys.cfg 2021/03/18 v2.0 Configuration of epstopdf for MiKTeX
))
\c@lstlisting=\count306
<IMAGES//logo.png, id=4, 1204.5pt x 1720.4275pt>
File: IMAGES//logo.png Graphic file (type png)
<use IMAGES//logo.png>
Package pdftex.def Info: IMAGES//logo.png  used on input line 21.
(pdftex.def)             Requested size: 70.19714pt x 100.25476pt.
 [1

{C:/Users/Juan González/AppData/Local/MiKTeX/fonts/map/pdftex/pdftex.map} <./I
MAGES//logo.png>] (ds_avance1.toc
LaTeX Info: Redefining \. on input line 1.
LaTeX Info: Redefining \% on input line 1.
LaTeX Font Info:    Trying to load font information for U+msa on input line 3.

(C:\Users\Juan González\AppData\Local\Programs\MiKTeX\tex/latex/amsfonts\umsa.
fd
File: umsa.fd 2013/01/14 v3.01 AMS symbols A
)
LaTeX Font Info:    Trying to load font information for U+msb on input line 3.

(C:\Users\Juan González\AppData\Local\Programs\MiKTeX\tex/latex/amsfonts\umsb.
fd
File: umsb.fd 2013/01/14 v3.01 AMS symbols B
))
\tf@toc=\write4
\openout4 = `ds_avance1.toc'.

LaTeX Info: Redefining \. on input line 42.
LaTeX Info: Redefining \% on input line 42.
 [1]
\c@RF=\count307

Underfull \hbox (badness 10000) in paragraph at lines 53--54
[]|\OT1/cmr/m/n/12 El sis-te-ma de-be per-mi-tir ges-tio-nar to-da la
 []


Underfull \hbox (badness 1688) in paragraph at lines 53--54
\OT1/cmr/m/n/12 in-for-ma-ci^^Son de los co-ti-zan-tes de la EPS: Ti-po
 []


Underfull \hbox (badness 1308) in paragraph at lines 53--54
\OT1/cmr/m/n/12 ape-lli-dos, nom-bres, fe-cha de na-ci-mien-to, g^^Sene-ro,
 []


Overfull \hbox (61.9913pt too wide) in paragraph at lines 47--65
 [] 
 []


Underfull \hbox (badness 6284) in paragraph at lines 72--73
\OT1/cmr/m/n/12 Ti-po y n^^Sume-ro de do-cu-men-to de iden-ti-dad,
 []


Underfull \hbox (badness 1308) in paragraph at lines 72--73
\OT1/cmr/m/n/12 ape-lli-dos, nom-bres, fe-cha de na-ci-mien-to, g^^Sene-ro,
 []


Overfull \hbox (61.9913pt too wide) in paragraph at lines 66--84
 [][] 
 []

LaTeX Info: Redefining \. on input line 84.
LaTeX Info: Redefining \% on input line 84.
[2]
Underfull \hbox (badness 1436) in paragraph at lines 91--92
\OT1/cmr/m/n/12 de las em-pre-sas que con-tra-tan a los co-ti-zan-tes
 []


Underfull \hbox (badness 1708) in paragraph at lines 91--92
\OT1/cmr/m/n/12 tra-ba-ja-do-res in-de-pen-dien-tes se de-be re-gis-trar el
 []


Overfull \hbox (61.9913pt too wide) in paragraph at lines 85--103
 [][] 
 []


Overfull \hbox (61.9913pt too wide) in paragraph at lines 104--122
 [][] 
 []

LaTeX Info: Redefining \. on input line 122.
LaTeX Info: Redefining \% on input line 122.
[3]
Overfull \hbox (61.9913pt too wide) in paragraph at lines 123--139
 [][] 
 []


Underfull \hbox (badness 1755) in paragraph at lines 146--147
[]|\OT1/cmr/m/n/12 El sis-te-ma de-be per-mi-tir ge-ne-rar los si-guien-tes
 []


Overfull \hbox (61.9913pt too wide) in paragraph at lines 140--158
 [][] 
 []

LaTeX Info: Redefining \. on input line 158.
LaTeX Info: Redefining \% on input line 158.
[4]
Overfull \hbox (61.9913pt too wide) in paragraph at lines 159--171
 [][] 
 []


Underfull \hbox (badness 7851) in paragraph at lines 178--179
[]|\OT1/cmr/m/n/12 El sis-te-ma de-be per-mi-tir al ban-co re-por-tar
 []


Overfull \hbox (61.9913pt too wide) in paragraph at lines 172--184
 [][] 
 []


Overfull \hbox (61.9913pt too wide) in paragraph at lines 185--197
 [][] 
 []


Overfull \hbox (61.9913pt too wide) in paragraph at lines 198--210
 [][] 
 []

LaTeX Info: Redefining \. on input line 210.
LaTeX Info: Redefining \% on input line 210.
[5]
Overfull \hbox (61.9913pt too wide) in paragraph at lines 211--223
 [][] 
 []

\c@RNF=\count308

Overfull \hbox (61.9913pt too wide) in paragraph at lines 227--239
 [] 
 []


Overfull \hbox (61.9913pt too wide) in paragraph at lines 240--252
 [][] 
 []


Overfull \hbox (61.9913pt too wide) in paragraph at lines 253--265
 [][] 
 []


Overfull \hbox (61.9913pt too wide) in paragraph at lines 266--278
 [][] 
 []

LaTeX Info: Redefining \. on input line 278.
LaTeX Info: Redefining \% on input line 278.
[6]
Underfull \hbox (badness 1701) in paragraph at lines 285--286
[]|\OT1/cmr/m/n/12 El sis-te-ma so-li-ci-tar^^Sa usua-rio y con-tra-se~na pa-ra

 []


Overfull \hbox (61.9913pt too wide) in paragraph at lines 279--291
 [][] 
 []


Underfull \hbox (badness 5359) in paragraph at lines 298--299
[]|\OT1/cmr/m/n/12 Al sis-te-ma so-lo pue-den in-gre-sar los usua-rios
 []


Overfull \hbox (61.9913pt too wide) in paragraph at lines 292--304
 [][] 
 []


Overfull \hbox (61.9913pt too wide) in paragraph at lines 305--317
 [][] 
 []


Overfull \hbox (61.9913pt too wide) in paragraph at lines 318--330
 [][] 
 []

<IMAGES//use_cases_diagram.pdf, id=36, 614.295pt x 794.97pt>
File: IMAGES//use_cases_diagram.pdf Graphic file (type pdf)
<use IMAGES//use_cases_diagram.pdf>
Package pdftex.def Info: IMAGES//use_cases_diagram.pdf  used on input line 334.

(pdftex.def)             Requested size: 390.0pt x 504.71544pt.
LaTeX Info: Redefining \. on input line 337.
LaTeX Info: Redefining \% on input line 337.
[7]
\c@CU=\count309

Underfull \hbox (badness 4792) in paragraph at lines 356--357
[]\OT1/cmr/bx/n/12 P3. \OT1/cmr/m/n/12 El ad-mi-nis-tra-dor re-gis-tra DNI, Nom
-bres,
 []


Underfull \hbox (badness 10000) in paragraph at lines 356--357
\OT1/cmr/m/n/12 Ape-lli-dos, Fe-cha de Na-ci-mien-to, Ciu-dad de
 []


Underfull \hbox (badness 3128) in paragraph at lines 356--357
\OT1/cmr/m/n/12 Re-si-den-cia, Tel^^Sefono, e-mail, Di-rec-ci^^Son, G^^Sene-ro,

 []


Underfull \hbox (badness 1394) in paragraph at lines 356--357
\OT1/cmr/m/n/12 Es-ta-do Ci-vil, Es-ta-do Ac-tual, Fe-cha de Pri-me-ra
 []


Overfull \hbox (61.9913pt too wide) in paragraph at lines 340--383
 [] 
 []

LaTeX Info: Redefining \. on input line 383.
LaTeX Info: Redefining \% on input line 383.
[8 <./IMAGES//use_cases_diagram.pdf>]
Underfull \hbox (badness 3668) in paragraph at lines 396--397
[]\OT1/cmr/bx/n/12 P1. \OT1/cmr/m/n/12 El ad-mi-nis-tra-dor se-lec-cio-na la op
-ci^^Son de
 []


Overfull \hbox (61.9913pt too wide) in paragraph at lines 384--425
 [][] 
 []

LaTeX Info: Redefining \. on input line 425.
LaTeX Info: Redefining \% on input line 425.
[9]
Underfull \hbox (badness 3668) in paragraph at lines 438--439
[]\OT1/cmr/bx/n/12 P1. \OT1/cmr/m/n/12 El ad-mi-nis-tra-dor se-lec-cio-na la op
-ci^^Son de
 []


Underfull \hbox (badness 2119) in paragraph at lines 457--458
[]\OT1/cmr/m/n/12 5.1. Si el c^^Sodi-go co-rres-pon-de a una or-den ya
 []


Underfull \hbox (badness 1320) in paragraph at lines 457--458
\OT1/cmr/m/n/12 re-gis-tra-da, el sis-te-ma de-be mos-trar un men-sa-je
 []


Overfull \hbox (61.9913pt too wide) in paragraph at lines 426--467
 [][] 
 []

LaTeX Info: Redefining \. on input line 467.
LaTeX Info: Redefining \% on input line 467.
[10]
Underfull \hbox (badness 1838) in paragraph at lines 499--500
[]\OT1/cmr/m/n/12 5.1. Si el NIT co-rres-pon-de a una em-pre-sa ya
 []


Underfull \hbox (badness 1320) in paragraph at lines 499--500
\OT1/cmr/m/n/12 re-gis-tra-da, el sis-te-ma de-be mos-trar un men-sa-je
 []


Overfull \hbox (61.9913pt too wide) in paragraph at lines 468--509
 [][] 
 []

LaTeX Info: Redefining \. on input line 509.
LaTeX Info: Redefining \% on input line 509.
[11]
Overfull \hbox (61.9913pt too wide) in paragraph at lines 510--549
 [][] 
 []

LaTeX Info: Redefining \. on input line 549.
LaTeX Info: Redefining \% on input line 549.
[12]
Underfull \hbox (badness 3746) in paragraph at lines 554--555
[]|\OT1/cmr/m/n/12 Permite con-sul-tar la in-for-ma-ci^^Son del co-ti-zan-te
 []


Underfull \hbox (badness 1033) in paragraph at lines 558--559
[]|\OT1/cmr/m/n/12 El co-ti-zan-te de-be ha-ber-se au-ten-ti-ca-do de for-ma
 []


Underfull \hbox (badness 4242) in paragraph at lines 564--566
[]\OT1/cmr/bx/n/12 P2. \OT1/cmr/m/n/12 El sis-te-ma des-plie-ga una p^^Sagi-na 
con la
 []


Overfull \hbox (61.9913pt too wide) in paragraph at lines 550--576
 [][] 
 []

LaTeX Info: Redefining \. on input line 576.
LaTeX Info: Redefining \% on input line 576.
[13]
Underfull \hbox (badness 1057) in paragraph at lines 581--582
[]|\OT1/cmr/m/n/12 Permite re-por-tar den-tro del sis-te-ma el pa-go de
 []


Overfull \hbox (61.9913pt too wide) in paragraph at lines 577--626
 [][] 
 []

LaTeX Info: Redefining \. on input line 626.
LaTeX Info: Redefining \% on input line 626.
[14]
Underfull \hbox (badness 1137) in paragraph at lines 639--640
[]\OT1/cmr/bx/n/12 P1. \OT1/cmr/m/n/12 El ban-co se-lec-cio-na la op-ci^^Son de
 Re-por-tar
 []


Overfull \hbox (61.9913pt too wide) in paragraph at lines 627--662
 [][] 
 []

LaTeX Info: Redefining \. on input line 662.
LaTeX Info: Redefining \% on input line 662.
[15]
Underfull \hbox (badness 1178) in paragraph at lines 675--676
[]\OT1/cmr/bx/n/12 P1. \OT1/cmr/m/n/12 El usua-rio so-li-ci-ta al sis-te-ma en-
trar en la
 []


Underfull \hbox (badness 3815) in paragraph at lines 688--689
[]\OT1/cmr/bx/n/12 A1. \OT1/cmr/m/n/12 El nom-bre de usua-rio o con-tra-se~na s
on
 []


Overfull \hbox (61.9913pt too wide) in paragraph at lines 663--702
 [][] 
 []

LaTeX Info: Redefining \. on input line 702.
LaTeX Info: Redefining \% on input line 702.
[16]
Underfull \hbox (badness 4792) in paragraph at lines 719--720
[]\OT1/cmr/bx/n/12 P3. \OT1/cmr/m/n/12 El ad-mi-nis-tra-dor re-gis-tra DNI, Nom
-bres,
 []


Underfull \hbox (badness 10000) in paragraph at lines 719--720
\OT1/cmr/m/n/12 Ape-lli-dos, Fe-cha de Na-ci-mien-to, Ciu-dad de
 []


Underfull \hbox (badness 3128) in paragraph at lines 719--720
\OT1/cmr/m/n/12 Re-si-den-cia, Tel^^Sefono, e-mail, Di-rec-ci^^Son, G^^Sene-ro,

 []


Underfull \hbox (badness 1565) in paragraph at lines 719--720
\OT1/cmr/m/n/12 Es-ta-do Ci-vil, Es-ta-do Ac-tual, Pa-ren-tes-co con el
 []


Underfull \hbox (badness 1320) in paragraph at lines 734--735
\OT1/cmr/m/n/12 re-gis-tra-do, el sis-te-ma de-be mos-trar un men-sa-je
 []


Overfull \hbox (61.9913pt too wide) in paragraph at lines 703--744
 [][] 
 []

LaTeX Info: Redefining \. on input line 744.
LaTeX Info: Redefining \% on input line 744.
[17]
<IMAGES//Entity_relationship_diagram.pdf, id=94, 614.295pt x 794.97pt>
File: IMAGES//Entity_relationship_diagram.pdf Graphic file (type pdf)
<use IMAGES//Entity_relationship_diagram.pdf>
Package pdftex.def Info: IMAGES//Entity_relationship_diagram.pdf  used on input
 line 751.
(pdftex.def)             Requested size: 390.0pt x 504.71544pt.
LaTeX Info: Redefining \. on input line 754.
LaTeX Info: Redefining \% on input line 754.
 [18]
Overfull \vbox (25.9321pt too high) has occurred while \output is active []

LaTeX Info: Redefining \. on input line 754.
LaTeX Info: Redefining \% on input line 754.

[19 <./IMAGES//Entity_relationship_diagram.pdf>]
<IMAGES//Mockup.jpg, id=125, 1018.80624pt x 1424.32124pt>
File: IMAGES//Mockup.jpg Graphic file (type jpg)
<use IMAGES//Mockup.jpg>
Package pdftex.def Info: IMAGES//Mockup.jpg  used on input line 757.
(pdftex.def)             Requested size: 390.0pt x 545.22491pt.

Overfull \vbox (13.60822pt too high) has occurred while \output is active []

LaTeX Info: Redefining \. on input line 760.
LaTeX Info: Redefining \% on input line 760.

[20 <./IMAGES//Mockup.jpg>] (ds_avance1.aux
LaTeX Info: Redefining \. on input line 8.
LaTeX Info: Redefining \% on input line 8.
) ) 
Here is how much of TeX's memory you used:
 15863 strings out of 478338
 312617 string characters out of 2832416
 604696 words of memory out of 3000000
 34034 multiletter control sequences out of 15000+600000
 477678 words of font info for 58 fonts, out of 8000000 for 9000
 1141 hyphenation exceptions out of 8191
 83i,10n,89p,525b,396s stack positions out of 10000i,1000n,20000p,200000b,80000s
<C:/Users/Juan González/AppData/Local/Programs/MiKTeX/fonts/type1/public/am
sfonts/cm/cmbx12.pfb><C:/Users/Juan González/AppData/Local/Programs/MiKTeX/fon
ts/type1/public/amsfonts/cm/cmcsc10.pfb><C:/Users/Juan González/AppData/Local/
Programs/MiKTeX/fonts/type1/public/amsfonts/cm/cmr12.pfb><C:/Users/Juan Gonzál
ez/AppData/Local/Programs/MiKTeX/fonts/type1/public/amsfonts/cm/cmr17.pfb><C:/U
sers/Juan González/AppData/Local/Programs/MiKTeX/fonts/type1/public/amsfonts/c
m/cmsl12.pfb><C:/Users/Juan González/AppData/Local/Programs/MiKTeX/fonts/type1
/public/amsfonts/cm/cmti12.pfb>
Output written on ds_avance1.pdf (21 pages, 460355 bytes).
PDF statistics:
 155 PDF objects out of 1000 (max. 8388607)
 0 named destinations out of 1000 (max. 500000)
 33 words of extra memory for PDF output out of 10000 (max. 10000000)

