This is pdfTeX, Version 3.141592653-2.6-1.40.24 (MiKTeX 22.7) (preloaded format=pdflatex 2022.10.9)  15 NOV 2022 00:21
entering extended mode
 restricted \write18 enabled.
 %&-line parsing enabled.
**./ds_taller2.tex
(ds_taller2.tex
LaTeX2e <2022-06-01> patch level 5
L3 programming layer <2022-07-04>
(C:\Users\Juan González\AppData\Local\Programs\MiKTeX\tex/latex/base\article.c
ls
Document Class: article 2021/10/04 v1.4n Standard LaTeX document class

(C:\Users\Juan González\AppData\Local\Programs\MiKTeX\tex/latex/base\size12.cl
o
File: size12.clo 2021/10/04 v1.4n Standard LaTeX file (size option)
)
\c@part=\count185
\c@section=\count186
\c@subsection=\count187
\c@subsubsection=\count188
\c@paragraph=\count189
\c@subparagraph=\count190
\c@figure=\count191
\c@table=\count192
\abovecaptionskip=\skip47
\belowcaptionskip=\skip48
\bibindent=\dimen138
)
(C:\Users\Juan González\AppData\Local\Programs\MiKTeX\tex/latex/base\inputenc.
sty
Package: inputenc 2021/02/14 v1.3d Input encoding file
\inpenc@prehook=\toks16
\inpenc@posthook=\toks17
)
(C:\Users\Juan González\AppData\Local\Programs\MiKTeX\tex/latex/amsmath\amsmat
h.sty
Package: amsmath 2022/04/08 v2.17n AMS math features
\@mathmargin=\skip49

For additional information on amsmath, use the `?' option.

(C:\Users\Juan González\AppData\Local\Programs\MiKTeX\tex/latex/amsmath\amstex
t.sty
Package: amstext 2021/08/26 v2.01 AMS text

(C:\Users\Juan González\AppData\Local\Programs\MiKTeX\tex/latex/amsmath\amsgen
.sty
File: amsgen.sty 1999/11/30 v2.0 generic functions
\@emptytoks=\toks18
\ex@=\dimen139
))
(C:\Users\Juan González\AppData\Local\Programs\MiKTeX\tex/latex/amsmath\amsbsy
.sty
Package: amsbsy 1999/11/29 v1.2d Bold Symbols
\pmbraise@=\dimen140
)
(C:\Users\Juan González\AppData\Local\Programs\MiKTeX\tex/latex/amsmath\amsopn
.sty
Package: amsopn 2022/04/08 v2.04 operator names
)
\inf@bad=\count193
LaTeX Info: Redefining \frac on input line 234.
\uproot@=\count194
\leftroot@=\count195
LaTeX Info: Redefining \overline on input line 399.
LaTeX Info: Redefining \colon on input line 410.
\classnum@=\count196
\DOTSCASE@=\count197
LaTeX Info: Redefining \ldots on input line 496.
LaTeX Info: Redefining \dots on input line 499.
LaTeX Info: Redefining \cdots on input line 620.
\Mathstrutbox@=\box51
\strutbox@=\box52
LaTeX Info: Redefining \big on input line 722.
LaTeX Info: Redefining \Big on input line 723.
LaTeX Info: Redefining \bigg on input line 724.
LaTeX Info: Redefining \Bigg on input line 725.
\big@size=\dimen141
LaTeX Font Info:    Redeclaring font encoding OML on input line 743.
LaTeX Font Info:    Redeclaring font encoding OMS on input line 744.
\macc@depth=\count198
LaTeX Info: Redefining \bmod on input line 905.
LaTeX Info: Redefining \pmod on input line 910.
LaTeX Info: Redefining \smash on input line 940.
LaTeX Info: Redefining \relbar on input line 970.
LaTeX Info: Redefining \Relbar on input line 971.
\c@MaxMatrixCols=\count199
\dotsspace@=\muskip16
\c@parentequation=\count266
\dspbrk@lvl=\count267
\tag@help=\toks19
\row@=\count268
\column@=\count269
\maxfields@=\count270
\andhelp@=\toks20
\eqnshift@=\dimen142
\alignsep@=\dimen143
\tagshift@=\dimen144
\tagwidth@=\dimen145
\totwidth@=\dimen146
\lineht@=\dimen147
\@envbody=\toks21
\multlinegap=\skip50
\multlinetaggap=\skip51
\mathdisplay@stack=\toks22
LaTeX Info: Redefining \[ on input line 2953.
LaTeX Info: Redefining \] on input line 2954.
)
(C:\Users\Juan González\AppData\Local\Programs\MiKTeX\tex/latex/amsfonts\amsfo
nts.sty
Package: amsfonts 2013/01/14 v3.01 Basic AMSFonts support
\symAMSa=\mathgroup4
\symAMSb=\mathgroup5
LaTeX Font Info:    Redeclaring math symbol \hbar on input line 98.
LaTeX Font Info:    Overwriting math alphabet `\mathfrak' in version `bold'
(Font)                  U/euf/m/n --> U/euf/b/n on input line 106.
)
(C:\Users\Juan González\AppData\Local\Programs\MiKTeX\tex/latex/amsfonts\amssy
mb.sty
Package: amssymb 2013/01/14 v3.01 AMS font symbols
)
(C:\Users\Juan González\AppData\Local\Programs\MiKTeX\tex/latex/hyphenat\hyphe
nat.sty
Package: hyphenat 2009/09/02 v2.3c hyphenation utilities
\langwohyphens=\language79
LaTeX Info: Redefining \_ on input line 43.
)
(C:\Users\Juan González\AppData\Local\Programs\MiKTeX\tex/latex/tools\enumerat
e.sty
Package: enumerate 2015/07/23 v3.00 enumerate extensions (DPC)
\@enLab=\toks23
)
(C:\Users\Juan González\AppData\Local\Programs\MiKTeX\tex/generic/babel\babel.
sty
Package: babel 2022/06/26 3.77 The Babel package
\babel@savecnt=\count271
\U@D=\dimen148
\l@unhyphenated=\language80

(C:\Users\Juan González\AppData\Local\Programs\MiKTeX\tex/generic/babel\txtbab
el.def)
\bbl@readstream=\read2
\bbl@dirlevel=\count272

*************************************
* Local config file bblopts.cfg used
*

(C:\Users\Juan González\AppData\Local\Programs\MiKTeX\tex/latex/arabi\bblopts.
cfg
File: bblopts.cfg 2005/09/08 v0.1 add Arabic and Farsi to "declared" options of
 babel
)
(C:\Users\Juan González\AppData\Local\Programs\MiKTeX\tex/latex/babel-spanish\
spanish.ldf
Language: spanish.ldf 2021/05/27 v5.0q Spanish support from the babel system
\es@quottoks=\toks24
\es@quotdepth=\count273
Package babel Info: Making " an active character on input line 570.
Package babel Info: Making . an active character on input line 675.
Package babel Info: Making < an active character on input line 722.
Package babel Info: Making > an active character on input line 722.
))
(C:\Users\Juan González\AppData\Local\Programs\MiKTeX\tex/generic/babel/locale
/es\babel-spanish.tex
Package babel Info: Importing font and identification data for spanish
(babel)             from babel-es.ini. Reported on input line 11.
)
(C:\Users\Juan González\AppData\Local\Programs\MiKTeX\tex/latex/graphics\graph
icx.sty
Package: graphicx 2021/09/16 v1.2d Enhanced LaTeX Graphics (DPC,SPQR)

(C:\Users\Juan González\AppData\Local\Programs\MiKTeX\tex/latex/graphics\keyva
l.sty
Package: keyval 2022/05/29 v1.15 key=value parser (DPC)
\KV@toks@=\toks25
)
(C:\Users\Juan González\AppData\Local\Programs\MiKTeX\tex/latex/graphics\graph
ics.sty
Package: graphics 2022/03/10 v1.4e Standard LaTeX Graphics (DPC,SPQR)

(C:\Users\Juan González\AppData\Local\Programs\MiKTeX\tex/latex/graphics\trig.
sty
Package: trig 2021/08/11 v1.11 sin cos tan (DPC)
)
(C:\Users\Juan González\AppData\Local\Programs\MiKTeX\tex/latex/graphics-cfg\g
raphics.cfg
File: graphics.cfg 2016/06/04 v1.11 sample graphics configuration
)
Package graphics Info: Driver file: pdftex.def on input line 107.

(C:\Users\Juan González\AppData\Local\Programs\MiKTeX\tex/latex/graphics-def\p
dftex.def
File: pdftex.def 2020/10/05 v1.2a Graphics/color driver for pdftex
))
\Gin@req@height=\dimen149
\Gin@req@width=\dimen150
)
(C:\Users\Juan González\AppData\Local\Programs\MiKTeX\tex/latex/float\float.st
y
Package: float 2001/11/08 v1.3d Float enhancements (AL)
\c@float@type=\count274
\float@exts=\toks26
\float@box=\box53
\@float@everytoks=\toks27
\@floatcapt=\box54
)
(C:\Users\Juan González\AppData\Local\Programs\MiKTeX\tex/latex/tools\array.st
y
Package: array 2021/10/04 v2.5f Tabular extension package (FMi)
\col@sep=\dimen151
\ar@mcellbox=\box55
\extrarowheight=\dimen152
\NC@list=\toks28
\extratabsurround=\skip52
\backup@length=\skip53
\ar@cellbox=\box56
)
(C:\Users\Juan González\AppData\Local\Programs\MiKTeX\tex/latex/colortbl\color
tbl.sty
Package: colortbl 2022/06/20 v1.0f Color table columns (DPC)

(C:\Users\Juan González\AppData\Local\Programs\MiKTeX\tex/latex/graphics\color
.sty
Package: color 2022/01/06 v1.3d Standard LaTeX Color (DPC)

(C:\Users\Juan González\AppData\Local\Programs\MiKTeX\tex/latex/graphics-cfg\c
olor.cfg
File: color.cfg 2016/01/02 v1.6 sample color configuration
)
Package color Info: Driver file: pdftex.def on input line 149.

(C:\Users\Juan González\AppData\Local\Programs\MiKTeX\tex/latex-dev/graphics\m
athcolor.ltx))
\everycr=\toks29
\minrowclearance=\skip54
\rownum=\count275
)
(C:\Users\Juan González\AppData\Local\Programs\MiKTeX\tex/latex/enumitem\enumi
tem.sty
Package: enumitem 2019/06/20 v3.9 Customized lists
\labelindent=\skip55
\enit@outerparindent=\dimen153
\enit@toks=\toks30
\enit@inbox=\box57
\enit@count@id=\count276
\enitdp@description=\count277
)
(C:\Users\Juan González\AppData\Local\Programs\MiKTeX\tex/latex/pdfpages\pdfpa
ges.sty
Package: pdfpages 2022/10/09 v0.5w Insert pages of external PDF documents (AM)

(C:\Users\Juan González\AppData\Local\Programs\MiKTeX\tex/latex/base\ifthen.st
y
Package: ifthen 2022/04/13 v1.1d Standard LaTeX ifthen package (DPC)
)
(C:\Users\Juan González\AppData\Local\Programs\MiKTeX\tex/latex/tools\calc.sty
Package: calc 2017/05/25 v4.3 Infix arithmetic (KKT,FJ)
\calc@Acount=\count278
\calc@Bcount=\count279
\calc@Adimen=\dimen154
\calc@Bdimen=\dimen155
\calc@Askip=\skip56
\calc@Bskip=\skip57
LaTeX Info: Redefining \setlength on input line 80.
LaTeX Info: Redefining \addtolength on input line 81.
\calc@Ccount=\count280
\calc@Cskip=\skip58
)
(C:\Users\Juan González\AppData\Local\Programs\MiKTeX\tex/latex/eso-pic\eso-pi
c.sty
Package: eso-pic 2020/10/14 v3.0a eso-pic (RN)
\ESO@tempdima=\dimen156
\ESO@tempdimb=\dimen157
)
\AM@pagewidth=\dimen158
\AM@pageheight=\dimen159
\AM@fboxrule=\dimen160

(C:\Users\Juan González\AppData\Local\Programs\MiKTeX\tex/latex/pdfpages\pppdf
tex.def
File: pppdftex.def 2022/10/09 v0.5w Pdfpages driver for pdfTeX (AM)
)
\pdfpages@includegraphics@status=\count281
\AM@pagebox=\box58
\AM@global@opts=\toks31
\AM@pagecnt=\count282
\AM@toc@title=\toks32
\c@AM@survey=\count283
\AM@templatesizebox=\box59
)
(C:\Users\Juan González\AppData\Local\Programs\MiKTeX\tex/latex/url\url.sty
\Urlmuskip=\muskip17
Package: url 2013/09/16  ver 3.4  Verb mode for urls, etc.
)
(C:\Users\Juan González\AppData\Local\Programs\MiKTeX\tex/latex/hyperref\hyper
ref.sty
Package: hyperref 2022-06-20 v7.00s Hypertext links for LaTeX

(C:\Users\Juan González\AppData\Local\Programs\MiKTeX\tex/generic/ltxcmds\ltxc
mds.sty
Package: ltxcmds 2020-05-10 v1.25 LaTeX kernel commands for general use (HO)
)
(C:\Users\Juan González\AppData\Local\Programs\MiKTeX\tex/generic/iftex\iftex.
sty
Package: iftex 2022/02/03 v1.0f TeX engine tests
)
(C:\Users\Juan González\AppData\Local\Programs\MiKTeX\tex/generic/pdftexcmds\p
dftexcmds.sty
Package: pdftexcmds 2020-06-27 v0.33 Utility functions of pdfTeX for LuaTeX (HO
)

(C:\Users\Juan González\AppData\Local\Programs\MiKTeX\tex/generic/infwarerr\in
fwarerr.sty
Package: infwarerr 2019/12/03 v1.5 Providing info/warning/error messages (HO)
)
Package pdftexcmds Info: \pdf@primitive is available.
Package pdftexcmds Info: \pdf@ifprimitive is available.
Package pdftexcmds Info: \pdfdraftmode found.
)
(C:\Users\Juan González\AppData\Local\Programs\MiKTeX\tex/latex/kvsetkeys\kvse
tkeys.sty
Package: kvsetkeys 2022-10-05 v1.19 Key value parser (HO)
)
(C:\Users\Juan González\AppData\Local\Programs\MiKTeX\tex/generic/kvdefinekeys
\kvdefinekeys.sty
Package: kvdefinekeys 2019-12-19 v1.6 Define keys (HO)
)
(C:\Users\Juan González\AppData\Local\Programs\MiKTeX\tex/generic/pdfescape\pd
fescape.sty
Package: pdfescape 2019/12/09 v1.15 Implements pdfTeX's escape features (HO)
)
(C:\Users\Juan González\AppData\Local\Programs\MiKTeX\tex/latex/hycolor\hycolo
r.sty
Package: hycolor 2020-01-27 v1.10 Color options for hyperref/bookmark (HO)
)
(C:\Users\Juan González\AppData\Local\Programs\MiKTeX\tex/latex/letltxmacro\le
tltxmacro.sty
Package: letltxmacro 2019/12/03 v1.6 Let assignment for LaTeX macros (HO)
)
(C:\Users\Juan González\AppData\Local\Programs\MiKTeX\tex/latex/auxhook\auxhoo
k.sty
Package: auxhook 2019-12-17 v1.6 Hooks for auxiliary files (HO)
)
(C:\Users\Juan González\AppData\Local\Programs\MiKTeX\tex/latex/hyperref\namer
ef.sty
Package: nameref 2022-05-17 v2.50 Cross-referencing by name of section

(C:\Users\Juan González\AppData\Local\Programs\MiKTeX\tex/latex/refcount\refco
unt.sty
Package: refcount 2019/12/15 v3.6 Data extraction from label references (HO)
)
(C:\Users\Juan González\AppData\Local\Programs\MiKTeX\tex/generic/gettitlestri
ng\gettitlestring.sty
Package: gettitlestring 2019/12/15 v1.6 Cleanup title references (HO)

(C:\Users\Juan González\AppData\Local\Programs\MiKTeX\tex/latex/kvoptions\kvop
tions.sty
Package: kvoptions 2022-06-15 v3.15 Key value format for package options (HO)
))
\c@section@level=\count284
)
\@linkdim=\dimen161
\Hy@linkcounter=\count285
\Hy@pagecounter=\count286

(C:\Users\Juan González\AppData\Local\Programs\MiKTeX\tex/latex/hyperref\pd1en
c.def
File: pd1enc.def 2022-06-20 v7.00s Hyperref: PDFDocEncoding definition (HO)
Now handling font encoding PD1 ...
... no UTF-8 mapping file for font encoding PD1
)
(C:\Users\Juan González\AppData\Local\Programs\MiKTeX\tex/generic/intcalc\intc
alc.sty
Package: intcalc 2019/12/15 v1.3 Expandable calculations with integers (HO)
)
(C:\Users\Juan González\AppData\Local\Programs\MiKTeX\tex/generic/etexcmds\ete
xcmds.sty
Package: etexcmds 2019/12/15 v1.7 Avoid name clashes with e-TeX commands (HO)
)
\Hy@SavedSpaceFactor=\count287

(C:\Users\Juan González\AppData\Local\Programs\MiKTeX\tex/latex/hyperref\puenc
.def
File: puenc.def 2022-06-20 v7.00s Hyperref: PDF Unicode definition (HO)
Now handling font encoding PU ...
... no UTF-8 mapping file for font encoding PU
)
Package hyperref Info: Hyper figures OFF on input line 4162.
Package hyperref Info: Link nesting OFF on input line 4167.
Package hyperref Info: Hyper index ON on input line 4170.
Package hyperref Info: Plain pages OFF on input line 4177.
Package hyperref Info: Backreferencing OFF on input line 4182.
Package hyperref Info: Implicit mode ON; LaTeX internals redefined.
Package hyperref Info: Bookmarks ON on input line 4408.
\c@Hy@tempcnt=\count288
LaTeX Info: Redefining \url on input line 4746.
\XeTeXLinkMargin=\dimen162

(C:\Users\Juan González\AppData\Local\Programs\MiKTeX\tex/generic/bitset\bitse
t.sty
Package: bitset 2019/12/09 v1.3 Handle bit-vector datatype (HO)

(C:\Users\Juan González\AppData\Local\Programs\MiKTeX\tex/generic/bigintcalc\b
igintcalc.sty
Package: bigintcalc 2019/12/15 v1.5 Expandable calculations on big integers (HO
)
))
\Fld@menulength=\count289
\Field@Width=\dimen163
\Fld@charsize=\dimen164
Package hyperref Info: Hyper figures OFF on input line 6024.
Package hyperref Info: Link nesting OFF on input line 6029.
Package hyperref Info: Hyper index ON on input line 6032.
Package hyperref Info: backreferencing OFF on input line 6039.
Package hyperref Info: Link coloring OFF on input line 6044.
Package hyperref Info: Link coloring with OCG OFF on input line 6049.
Package hyperref Info: PDF/A mode OFF on input line 6054.

(C:\Users\Juan González\AppData\Local\Programs\MiKTeX\tex/latex/base\atbegshi-
ltx.sty
Package: atbegshi-ltx 2021/01/10 v1.0c Emulation of the original atbegshi
package with kernel methods
)
\Hy@abspage=\count290
\c@Item=\count291
\c@Hfootnote=\count292
)
Package hyperref Info: Driver (autodetected): hpdftex.

(C:\Users\Juan González\AppData\Local\Programs\MiKTeX\tex/latex/hyperref\hpdft
ex.def
File: hpdftex.def 2022-06-20 v7.00s Hyperref driver for pdfTeX

(C:\Users\Juan González\AppData\Local\Programs\MiKTeX\tex/latex/base\atveryend
-ltx.sty
Package: atveryend-ltx 2020/08/19 v1.0a Emulation of the original atveryend pac
kage
with kernel methods
)
\Fld@listcount=\count293
\c@bookmark@seq@number=\count294

(C:\Users\Juan González\AppData\Local\Programs\MiKTeX\tex/latex/rerunfilecheck
\rerunfilecheck.sty
Package: rerunfilecheck 2022-07-10 v1.10 Rerun checks for auxiliary files (HO)

(C:\Users\Juan González\AppData\Local\Programs\MiKTeX\tex/generic/uniquecounte
r\uniquecounter.sty
Package: uniquecounter 2019/12/15 v1.4 Provide unlimited unique counter (HO)
)
Package uniquecounter Info: New unique counter `rerunfilecheck' on input line 2
85.
)
\Hy@SectionHShift=\skip59
)
(C:\Users\Juan González\AppData\Local\Programs\MiKTeX\tex/latex/l3backend\l3ba
ckend-pdftex.def
File: l3backend-pdftex.def 2022-07-01 L3 backend support: PDF output (pdfTeX)
\l__color_backend_stack_int=\count295
\l__pdf_internal_box=\box60
) (ds_taller2.aux
LaTeX Info: Redefining \. on input line 22.
LaTeX Info: Redefining \% on input line 22.
)
\openout1 = `ds_taller2.aux'.

LaTeX Font Info:    Checking defaults for OML/cmm/m/it on input line 21.
LaTeX Font Info:    ... okay on input line 21.
LaTeX Font Info:    Checking defaults for OMS/cmsy/m/n on input line 21.
LaTeX Font Info:    ... okay on input line 21.
LaTeX Font Info:    Checking defaults for OT1/cmr/m/n on input line 21.
LaTeX Font Info:    ... okay on input line 21.
LaTeX Font Info:    Checking defaults for T1/cmr/m/n on input line 21.
LaTeX Font Info:    ... okay on input line 21.
LaTeX Font Info:    Checking defaults for TS1/cmr/m/n on input line 21.
LaTeX Font Info:    ... okay on input line 21.
LaTeX Font Info:    Checking defaults for OMX/cmex/m/n on input line 21.
LaTeX Font Info:    ... okay on input line 21.
LaTeX Font Info:    Checking defaults for U/cmr/m/n on input line 21.
LaTeX Font Info:    ... okay on input line 21.
LaTeX Font Info:    Checking defaults for PD1/pdf/m/n on input line 21.
LaTeX Font Info:    ... okay on input line 21.
LaTeX Font Info:    Checking defaults for PU/pdf/m/n on input line 21.
LaTeX Font Info:    ... okay on input line 21.
LaTeX Info: Redefining \. on input line 21.
LaTeX Info: Redefining \% on input line 21.

(C:\Users\Juan González\AppData\Local\Programs\MiKTeX\tex/context/base/mkii\su
pp-pdf.mkii
[Loading MPS to PDF converter (version 2006.09.02).]
\scratchcounter=\count296
\scratchdimen=\dimen165
\scratchbox=\box61
\nofMPsegments=\count297
\nofMParguments=\count298
\everyMPshowfont=\toks33
\MPscratchCnt=\count299
\MPscratchDim=\dimen166
\MPnumerator=\count300
\makeMPintoPDFobject=\count301
\everyMPtoPDFconversion=\toks34
)
(C:\Users\Juan González\AppData\Local\Programs\MiKTeX\tex/latex/epstopdf-pkg\e
pstopdf-base.sty
Package: epstopdf-base 2020-01-24 v2.11 Base part for package epstopdf
Package epstopdf-base Info: Redefining graphics rule for `.eps' on input line 4
85.

(C:\Users\Juan González\AppData\Local\Programs\MiKTeX\tex/latex/00miktex\epsto
pdf-sys.cfg
File: epstopdf-sys.cfg 2021/03/18 v2.0 Configuration of epstopdf for MiKTeX
))
(C:\Users\Juan González\AppData\Local\Programs\MiKTeX\tex/latex/pdflscape\pdfl
scape.sty
Package: pdflscape 2019/12/05 v0.12 Display of landscape pages in PDF (HO)

(C:\Users\Juan González\AppData\Local\Programs\MiKTeX\tex/latex/graphics\lscap
e.sty
Package: lscape 2020/05/28 v3.02 Landscape Pages (DPC)
)
Package pdflscape Info: Auto-detected driver: pdftex on input line 81.
)
Package hyperref Info: Link coloring OFF on input line 21.
 (ds_taller2.out) (ds_taller2.out)
\@outlinefile=\write3
\openout3 = `ds_taller2.out'.

<IMAGES//logo.png, id=35, 1204.5pt x 1720.4275pt>
File: IMAGES//logo.png Graphic file (type png)
<use IMAGES//logo.png>
Package pdftex.def Info: IMAGES//logo.png  used on input line 24.
(pdftex.def)             Requested size: 70.19714pt x 100.25476pt.
 [1

{C:/Users/Juan González/AppData/Local/MiKTeX/fonts/map/pdftex/pdftex.map} <./I
MAGES//logo.png>] (ds_taller2.toc
LaTeX Info: Redefining \. on input line 1.
LaTeX Info: Redefining \% on input line 1.
LaTeX Font Info:    Trying to load font information for U+msa on input line 4.

(C:\Users\Juan González\AppData\Local\Programs\MiKTeX\tex/latex/amsfonts\umsa.
fd
File: umsa.fd 2013/01/14 v3.01 AMS symbols A
)
LaTeX Font Info:    Trying to load font information for U+msb on input line 4.

(C:\Users\Juan González\AppData\Local\Programs\MiKTeX\tex/latex/amsfonts\umsb.
fd
File: umsb.fd 2013/01/14 v3.01 AMS symbols B
))
\tf@toc=\write4
\openout4 = `ds_taller2.toc'.

LaTeX Info: Redefining \. on input line 45.
LaTeX Info: Redefining \% on input line 45.

pdfTeX warning (ext4): destination with the same identifier (name{page.1}) has 
been already used, duplicate ignored
<to be read again> 
                   \relax 
l.45 \newpage
              [1]
<IMAGES//Mockup_1.png, id=61, 714.41907pt x 404.26031pt>
File: IMAGES//Mockup_1.png Graphic file (type png)
<use IMAGES//Mockup_1.png>
Package pdftex.def Info: IMAGES//Mockup_1.png  used on input line 49.
(pdftex.def)             Requested size: 390.0pt x 220.68452pt.
<IMAGES//Mockup_2.png, id=62, 706.13812pt x 398.99063pt>
File: IMAGES//Mockup_2.png Graphic file (type png)
<use IMAGES//Mockup_2.png>
Package pdftex.def Info: IMAGES//Mockup_2.png  used on input line 54.
(pdftex.def)             Requested size: 390.0pt x 220.36482pt.
<IMAGES//Mockup_3.png, id=63, 652.68843pt x 365.86688pt>
File: IMAGES//Mockup_3.png Graphic file (type png)
<use IMAGES//Mockup_3.png>
Package pdftex.def Info: IMAGES//Mockup_3.png  used on input line 59.
(pdftex.def)             Requested size: 390.0pt x 218.623pt.
<IMAGES//Mockup_4.png, id=64, 652.68843pt x 371.13657pt>
File: IMAGES//Mockup_4.png Graphic file (type png)
<use IMAGES//Mockup_4.png>
Package pdftex.def Info: IMAGES//Mockup_4.png  used on input line 64.
(pdftex.def)             Requested size: 390.0pt x 221.7719pt.
LaTeX Info: Redefining \. on input line 66.
LaTeX Info: Redefining \% on input line 66.
 [2 <./IMAGES//Mockup_1.png> <./IMAGES//Mockup_2.png>]
<IMAGES//Mockup_5.png, id=73, 652.68843pt x 367.3725pt>
File: IMAGES//Mockup_5.png Graphic file (type png)
<use IMAGES//Mockup_5.png>
Package pdftex.def Info: IMAGES//Mockup_5.png  used on input line 69.
(pdftex.def)             Requested size: 390.0pt x 219.52267pt.
<IMAGES//Mockup_6.png, id=74, 652.68843pt x 368.87813pt>
File: IMAGES//Mockup_6.png Graphic file (type png)
<use IMAGES//Mockup_6.png>
Package pdftex.def Info: IMAGES//Mockup_6.png  used on input line 74.
(pdftex.def)             Requested size: 390.0pt x 220.42236pt.
LaTeX Info: Redefining \. on input line 76.
LaTeX Info: Redefining \% on input line 76.

[3 <./IMAGES//Mockup_3.png> <./IMAGES//Mockup_4.png>]
<IMAGES//Mockup_7.png, id=83, 652.68843pt x 376.40625pt>
File: IMAGES//Mockup_7.png Graphic file (type png)
<use IMAGES//Mockup_7.png>
Package pdftex.def Info: IMAGES//Mockup_7.png  used on input line 79.
(pdftex.def)             Requested size: 390.0pt x 224.92078pt.
<IMAGES//Mockup_8.png, id=84, 652.68843pt x 366.61969pt>
File: IMAGES//Mockup_8.png Graphic file (type png)
<use IMAGES//Mockup_8.png>
Package pdftex.def Info: IMAGES//Mockup_8.png  used on input line 84.
(pdftex.def)             Requested size: 390.0pt x 219.07285pt.
LaTeX Info: Redefining \. on input line 86.
LaTeX Info: Redefining \% on input line 86.
 [4 <./IMAGES//Mockup_5.png> <./IMAGES//Mockup_6.png>]
<IMAGES//Mockup_9.png, id=93, 652.68843pt x 377.91188pt>
File: IMAGES//Mockup_9.png Graphic file (type png)
<use IMAGES//Mockup_9.png>
Package pdftex.def Info: IMAGES//Mockup_9.png  used on input line 89.
(pdftex.def)             Requested size: 390.0pt x 225.82047pt.
<IMAGES//Mockup_10.png, id=94, 652.68843pt x 372.64218pt>
File: IMAGES//Mockup_10.png Graphic file (type png)
<use IMAGES//Mockup_10.png>
Package pdftex.def Info: IMAGES//Mockup_10.png  used on input line 94.
(pdftex.def)             Requested size: 390.0pt x 222.67157pt.
LaTeX Info: Redefining \. on input line 96.
LaTeX Info: Redefining \% on input line 96.
 [5 <./IMAGES//Mockup_7.png> <./IMAGES//Mockup_8.png>]
<IMAGES//Mockup_11.png, id=103, 652.68843pt x 371.88937pt>
File: IMAGES//Mockup_11.png Graphic file (type png)
<use IMAGES//Mockup_11.png>
Package pdftex.def Info: IMAGES//Mockup_11.png  used on input line 99.
(pdftex.def)             Requested size: 390.0pt x 222.22173pt.
<IMAGES//Mockup_12.png, id=104, 652.68843pt x 383.93437pt>
File: IMAGES//Mockup_12.png Graphic file (type png)
<use IMAGES//Mockup_12.png>
Package pdftex.def Info: IMAGES//Mockup_12.png  used on input line 104.
(pdftex.def)             Requested size: 390.0pt x 229.41919pt.
LaTeX Info: Redefining \. on input line 106.
LaTeX Info: Redefining \% on input line 106.
 [6 <./IMAGES//Mockup_9.png> <./IMAGES//Mockup_10.png>]
Underfull \hbox (badness 2689) in paragraph at lines 124--125
[]\OT1/cmr/m/n/12 Supervizar las eta-pas de de-sa-rro-llo del
 []


Overfull \hbox (33.53856pt too wide) in paragraph at lines 110--129
 [] 
 []

LaTeX Info: Redefining \. on input line 129.
LaTeX Info: Redefining \% on input line 129.
[7 <./IMAGES//Mockup_11.png> <./IMAGES//Mockup_12.png>]
Overfull \hbox (33.53856pt too wide) in paragraph at lines 130--147
 [][] 
 []


Underfull \hbox (badness 2435) in paragraph at lines 154--155
[]|\OT1/cmr/m/n/12 El equi-po de de-sa-rro-llo sue-le es-tar for-ma-do
 []


Underfull \hbox (badness 1072) in paragraph at lines 154--155
\OT1/cmr/m/n/12 auto-gestion^^Sando-se pa-ra con-se-guir en-tre-gar un
 []


Underfull \hbox (badness 2012) in paragraph at lines 154--155
\OT1/cmr/m/n/12 in-cre-men-to de soft-wa-re al fi-nal del ci-clo de
 []


Overfull \hbox (33.53856pt too wide) in paragraph at lines 148--165
 [][] 
 []

LaTeX Info: Redefining \. on input line 165.
LaTeX Info: Redefining \% on input line 165.
[8]
LaTeX Info: Redefining \. on input line 168.
LaTeX Info: Redefining \% on input line 168.
 [9]
<IMAGES//User_Story_Mapping.pdf, id=144, 614.295pt x 794.97pt>
File: IMAGES//User_Story_Mapping.pdf Graphic file (type pdf)
<use IMAGES//User_Story_Mapping.pdf>
Package pdftex.def Info: IMAGES//User_Story_Mapping.pdf  used on input line 187
.
(pdftex.def)             Requested size: 312.00119pt x 403.76749pt.

Overfull \hbox (13.76749pt too wide) in paragraph at lines 187--187
 [][] 
 []

LaTeX Info: Redefining \. on input line 190.
LaTeX Info: Redefining \% on input line 190.
[10]
LaTeX Info: Redefining \. on input line 190.
LaTeX Info: Redefining \% on input line 190.
 [11 <./IMAGES//User_Story_Mapping.pdf>]
Underfull \hbox (badness 3138) in paragraph at lines 209--210
[]\OT1/cmr/m/n/12 Dado que un afi-lia-do tie-ne dis-tin-tos da-tos,
 []


Underfull \hbox (badness 8000) in paragraph at lines 209--210
\OT1/cmr/m/n/12 el sis-te-ma mues-tra una p^^Sagi-na con to-da
 []


Underfull \hbox (badness 3199) in paragraph at lines 209--210
\OT1/cmr/m/n/12 la in-for-ma-ci^^Son del co-ti-zan-te, in-clu-yen-do sus
 []


Underfull \hbox (badness 10000) in paragraph at lines 210--211
[]\OT1/cmr/m/n/12 Dado que un afi-lia-do tie-ne in-for-ma-ci^^Son
 []


Underfull \hbox (badness 10000) in paragraph at lines 210--211
\OT1/cmr/m/n/12 des-ac-tua-li-za-da, cuan-do el ad-mi-nis-tra-dor la
 []


Overfull \hbox (2.45943pt too wide) in paragraph at lines 193--218
 [] 
 []


Underfull \hbox (badness 2221) in paragraph at lines 226--226
[]\OT1/cmr/m/n/12 Como ad-mi-nis-tra-dor, quie-ro ver los da-tos de un
 []


Underfull \hbox (badness 2165) in paragraph at lines 233--234
\OT1/cmr/m/n/12 el sis-te-ma le mues-tra una p^^Sagi-na con to-da
 []


Overfull \hbox (2.45943pt too wide) in paragraph at lines 219--240
 [][] 
 []

LaTeX Info: Redefining \. on input line 240.
LaTeX Info: Redefining \% on input line 240.
[12]
Underfull \hbox (badness 1117) in paragraph at lines 248--249
[]\OT1/cmr/m/n/12 Como ad-mi-nis-tra-dor, quie-ro a~nadir un co-ti-zan-te y
 []


Overfull \hbox (2.45943pt too wide) in paragraph at lines 241--268
 [][] 
 []


Underfull \hbox (badness 10000) in paragraph at lines 285--288
[]\OT1/cmr/m/n/12 Dado que un afi-lia-do tie-ne in-for-ma-ci^^Son
 []


Underfull \hbox (badness 1509) in paragraph at lines 285--288
\OT1/cmr/m/n/12 des-ac-tua-li-za-da, cuan-do el ad-mi-nis-tra-dor edi-ta
 []


Underfull \hbox (badness 2875) in paragraph at lines 285--288
\OT1/cmr/m/n/12 no-ti-fi-ca-ci^^Son in-di-can-do que el re-gis-tro se ha
 []


Overfull \hbox (2.45943pt too wide) in paragraph at lines 269--294
 [][] 
 []

LaTeX Info: Redefining \. on input line 294.
LaTeX Info: Redefining \% on input line 294.
[13]
Underfull \hbox (badness 1577) in paragraph at lines 311--315
\OT1/cmr/m/n/12 y mues-tra una no-ti-fi-ca-ci^^Son se~nalan-do que la
 []


Overfull \hbox (2.45943pt too wide) in paragraph at lines 295--321
 [][] 
 []


Underfull \hbox (badness 3428) in paragraph at lines 346--350
\OT1/cmr/m/n/12 cuan-do el ad-mi-nis-tra-dor in-ten-ta edi-tar-la, el
 []


Overfull \hbox (2.45943pt too wide) in paragraph at lines 322--356
 [][] 
 []

LaTeX Info: Redefining \. on input line 356.
LaTeX Info: Redefining \% on input line 356.
[14]
Underfull \hbox (badness 4001) in paragraph at lines 372--375
[]\OT1/cmr/m/n/12 Dado que exis-ten dis-tin-tas IPS, cuan-do el
 []


Overfull \hbox (2.45943pt too wide) in paragraph at lines 357--381
 [][] 
 []

LaTeX Info: Redefining \. on input line 381.
LaTeX Info: Redefining \% on input line 381.
[15]
Underfull \hbox (badness 1337) in paragraph at lines 397--400
\OT1/cmr/m/n/12 le mues-tra una no-ti-fi-ca-ci^^Son in-di-can-do que la
 []


Overfull \hbox (2.45943pt too wide) in paragraph at lines 382--409
 [][] 
 []


Underfull \hbox (badness 10000) in paragraph at lines 425--428
[]\OT1/cmr/m/n/12 Dado que una IPS tie-ne in-for-ma-ci^^Son
 []


Underfull \hbox (badness 1509) in paragraph at lines 425--428
\OT1/cmr/m/n/12 des-ac-tua-li-za-da, cuan-do el ad-mi-nis-tra-dor edi-ta
 []


Underfull \hbox (badness 2875) in paragraph at lines 425--428
\OT1/cmr/m/n/12 no-ti-fi-ca-ci^^Son in-di-can-do que el re-gis-tro se ha
 []


Overfull \hbox (2.45943pt too wide) in paragraph at lines 410--434
 [][] 
 []

LaTeX Info: Redefining \. on input line 434.
LaTeX Info: Redefining \% on input line 434.
[16]
Overfull \hbox (2.45943pt too wide) in paragraph at lines 435--459
 [][] 
 []


Underfull \hbox (badness 5388) in paragraph at lines 485--489
[]\OT1/cmr/m/n/12 Dado que la in-for-ma-ci^^Son de una em-pre-sa
 []


Overfull \hbox (2.45943pt too wide) in paragraph at lines 460--495
 [][] 
 []

LaTeX Info: Redefining \. on input line 495.
LaTeX Info: Redefining \% on input line 495.
[17]
Overfull \hbox (2.45943pt too wide) in paragraph at lines 496--520
 [][] 
 []

LaTeX Info: Redefining \. on input line 520.
LaTeX Info: Redefining \% on input line 520.
[18]
Underfull \hbox (badness 1590) in paragraph at lines 528--529
\OT1/cmr/m/n/12 al sis-te-ma, pa-ra po-der ges-tio-nar los afi-lia-dos que
 []


Overfull \hbox (2.45943pt too wide) in paragraph at lines 521--549
 [][] 
 []


Underfull \hbox (badness 1694) in paragraph at lines 557--558
\OT1/cmr/m/n/12 una em-pre-sa, pa-ra po-der man-te-ner ac-tua-li-za-do el
 []


Underfull \hbox (badness 10000) in paragraph at lines 565--568
[]\OT1/cmr/m/n/12 Dado que una em-pre-sa tie-ne in-for-ma-ci^^Son
 []


Underfull \hbox (badness 1509) in paragraph at lines 565--568
\OT1/cmr/m/n/12 des-ac-tua-li-za-da, cuan-do el ad-mi-nis-tra-dor edi-ta
 []


Underfull \hbox (badness 2875) in paragraph at lines 565--568
\OT1/cmr/m/n/12 no-ti-fi-ca-ci^^Son in-di-can-do que el re-gis-tro se ha
 []


Overfull \hbox (2.45943pt too wide) in paragraph at lines 550--574
 [][] 
 []

LaTeX Info: Redefining \. on input line 574.
LaTeX Info: Redefining \% on input line 574.
[19]
Overfull \hbox (2.45943pt too wide) in paragraph at lines 575--599
 [][] 
 []


Overfull \hbox (2.45943pt too wide) in paragraph at lines 600--627
 [][] 
 []

LaTeX Info: Redefining \. on input line 627.
LaTeX Info: Redefining \% on input line 627.
[20]
Overfull \hbox (2.45943pt too wide) in paragraph at lines 628--652
 [][] 
 []


Overfull \hbox (2.45943pt too wide) in paragraph at lines 653--678
 [][] 
 []

LaTeX Info: Redefining \. on input line 678.
LaTeX Info: Redefining \% on input line 678.
[21]
Underfull \hbox (badness 5274) in paragraph at lines 697--701
\OT1/cmr/m/n/12 cuan-do el ad-mi-nis-tra-dor ge-ne-ra el re-por-te,
 []


Overfull \hbox (2.45943pt too wide) in paragraph at lines 679--711
 [][] 
 []

LaTeX Info: Redefining \. on input line 711.
LaTeX Info: Redefining \% on input line 711.
[22]
Overfull \hbox (2.45943pt too wide) in paragraph at lines 712--736
 [][] 
 []

LaTeX Info: Redefining \. on input line 736.
LaTeX Info: Redefining \% on input line 736.
[23]
Underfull \hbox (badness 5274) in paragraph at lines 752--756
\OT1/cmr/m/n/12 cuan-do el ad-mi-nis-tra-dor ge-ne-ra el re-por-te,
 []


Overfull \hbox (2.45943pt too wide) in paragraph at lines 737--762
 [][] 
 []


Underfull \hbox (badness 5374) in paragraph at lines 770--771
[]\OT1/cmr/m/n/12 Como ad-mi-nis-tra-dor, quie-ro ge-ne-rar re-por-tes de
 []


Overfull \hbox (2.45943pt too wide) in paragraph at lines 763--788
 [][] 
 []

LaTeX Info: Redefining \. on input line 788.
LaTeX Info: Redefining \% on input line 788.
[24]
Underfull \hbox (badness 1609) in paragraph at lines 808--811
\OT1/cmr/m/n/12 el sis-te-ma le mues-tra un for-mu-la-rio pa-ra el
 []


Overfull \hbox (2.45943pt too wide) in paragraph at lines 789--820
 [][] 
 []

LaTeX Info: Redefining \. on input line 820.
LaTeX Info: Redefining \% on input line 820.
[25]
Overfull \hbox (2.45943pt too wide) in paragraph at lines 821--846
 [][] 
 []


Overfull \hbox (2.45943pt too wide) in paragraph at lines 847--871
 [][] 
 []


Overfull \hbox (2.45943pt too wide) in paragraph at lines 872--907
 [][] 
 []

LaTeX Info: Redefining \. on input line 907.
LaTeX Info: Redefining \% on input line 907.
[26]
Overfull \hbox (2.45943pt too wide) in paragraph at lines 908--932
 [][] 
 []

LaTeX Info: Redefining \. on input line 932.
LaTeX Info: Redefining \% on input line 932.
[27]
Underfull \hbox (badness 1365) in paragraph at lines 948--951
[]\OT1/cmr/m/n/12 Dado que la or-den de ser-vi-cio no exis-te en
 []


Underfull \hbox (badness 1442) in paragraph at lines 951--955
[]\OT1/cmr/m/n/12 Dado que la or-den de ser-vi-cio ya exis-te en
 []


Overfull \hbox (2.45943pt too wide) in paragraph at lines 933--961
 [][] 
 []


Underfull \hbox (badness 1509) in paragraph at lines 977--980
\OT1/cmr/m/n/12 des-ac-tua-li-za-da, cuan-do el ad-mi-nis-tra-dor edi-ta
 []


Underfull \hbox (badness 2875) in paragraph at lines 977--980
\OT1/cmr/m/n/12 no-ti-fi-ca-ci^^Son in-di-can-do que el re-gis-tro se ha
 []


Overfull \hbox (2.45943pt too wide) in paragraph at lines 962--986
 [][] 
 []

LaTeX Info: Redefining \. on input line 986.
LaTeX Info: Redefining \% on input line 986.
[28]
Underfull \hbox (badness 2111) in paragraph at lines 1002--1005
\OT1/cmr/m/n/12 en-ton-ces el sis-te-ma mues-tra una no-ti-fi-ca-ci^^Son
 []


Overfull \hbox (2.45943pt too wide) in paragraph at lines 987--1011
 [][] 
 []


Underfull \hbox (badness 10000) in paragraph at lines 1027--1030
[]\OT1/cmr/m/n/12 Dado que el co-ti-zan-te est^^Sa ac-tual-men-te
 []


Underfull \hbox (badness 2717) in paragraph at lines 1027--1030
\OT1/cmr/m/n/12 au-ten-ti-ca-do, cuan-do el usua-rio pi-de ver los
 []


Underfull \hbox (badness 1383) in paragraph at lines 1027--1030
\OT1/cmr/m/n/12 de-ta-lles de la cuen-ta, en-ton-ces el sis-te-ma le
 []


Underfull \hbox (badness 10000) in paragraph at lines 1030--1034
[]\OT1/cmr/m/n/12 Dado que el co-ti-zan-te est^^Sa ac-tual-men-te
 []


Underfull \hbox (badness 4001) in paragraph at lines 1030--1034
\OT1/cmr/m/n/12 au-ten-ti-ca-do y tie-ne be-ne-fi-cia-rios re-gis-tra-dos,
 []


Overfull \hbox (2.45943pt too wide) in paragraph at lines 1012--1040
 [][] 
 []

LaTeX Info: Redefining \. on input line 1040.
LaTeX Info: Redefining \% on input line 1040.
[29]
Overfull \hbox (2.45943pt too wide) in paragraph at lines 1041--1068
 [][] 
 []

LaTeX Info: Redefining \. on input line 1068.
LaTeX Info: Redefining \% on input line 1068.
[30]
Overfull \hbox (16.65001pt too wide) in paragraph at lines 1071--1072
[][]$\OT1/cmtt/m/n/12 https : / / mementocoding . atlassian . net / jira / soft
ware / projects / BMO /
 []



pdfTeX warning: pdflatex (file ./IMAGES//cronograma.pdf): PDF inclusion: found 
PDF version <1.7>, but at most version <1.5> allowed
<IMAGES//cronograma.pdf, id=270, 794.97pt x 614.295pt>
File: IMAGES//cronograma.pdf Graphic file (type pdf)
<use IMAGES//cronograma.pdf>
Package pdftex.def Info: IMAGES//cronograma.pdf  used on input line 1075.
(pdftex.def)             Requested size: 390.0pt x 301.37274pt.
LaTeX Info: Redefining \. on input line 1078.
LaTeX Info: Redefining \% on input line 1078.
[31 <./IMAGES//cronograma.pdf>] (ds_taller2.aux
LaTeX Info: Redefining \. on input line 22.
LaTeX Info: Redefining \% on input line 22.
)
Package rerunfilecheck Info: File `ds_taller2.out' has not changed.
(rerunfilecheck)             Checksum: F7C7F437052EF5725B63E1103001FD7E;1075.
 ) 
Here is how much of TeX's memory you used:
 12579 strings out of 478338
 205205 string characters out of 2832416
 515327 words of memory out of 3000000
 30720 multiletter control sequences out of 15000+600000
 477847 words of font info for 59 fonts, out of 8000000 for 9000
 1141 hyphenation exceptions out of 8191
 72i,11n,77p,340b,533s stack positions out of 10000i,1000n,20000p,200000b,80000s
<C:/Users/Juan González/AppData/Local/Programs/MiKTeX/fonts/type1/public/ams
fonts/cm/cmbx12.pfb><C:/Users/Juan González/AppData/Local/Programs/MiKTeX/font
s/type1/public/amsfonts/cm/cmcsc10.pfb><C:/Users/Juan González/AppData/Local/P
rograms/MiKTeX/fonts/type1/public/amsfonts/cm/cmr12.pfb><C:/Users/Juan Gonzále
z/AppData/Local/Programs/MiKTeX/fonts/type1/public/amsfonts/cm/cmr17.pfb><C:/Us
ers/Juan González/AppData/Local/Programs/MiKTeX/fonts/type1/public/amsfonts/cm
/cmsl12.pfb><C:/Users/Juan González/AppData/Local/Programs/MiKTeX/fonts/type1/
public/amsfonts/cm/cmti12.pfb><C:/Users/Juan González/AppData/Local/Programs/M
iKTeX/fonts/type1/public/amsfonts/cm/cmtt12.pfb>
Output written on ds_taller2.pdf (32 pages, 1049747 bytes).
PDF statistics:
 336 PDF objects out of 1000 (max. 8388607)
 81 named destinations out of 1000 (max. 500000)
 140 words of extra memory for PDF output out of 10000 (max. 10000000)

