This is pdfTeX, Version 3.141592653-2.6-1.40.24 (MiKTeX 22.7) (preloaded format=pdflatex 2022.10.8)  6 NOV 2022 17:50
entering extended mode
 restricted \write18 enabled.
 %&-line parsing enabled.
**./requirements_specifications.tex
(requirements_specifications.tex
LaTeX2e <2022-06-01> patch level 5
L3 programming layer <2022-07-04>
(C:\Users\PC_WIN10\AppData\Local\Programs\MiKTeX\tex/latex/base\article.cls
Document Class: article 2021/10/04 v1.4n Standard LaTeX document class
(C:\Users\PC_WIN10\AppData\Local\Programs\MiKTeX\tex/latex/base\size12.clo
File: size12.clo 2021/10/04 v1.4n Standard LaTeX file (size option)
)
\c@part=\count185
\c@section=\count186
\c@subsection=\count187
\c@subsubsection=\count188
\c@paragraph=\count189
\c@subparagraph=\count190
\c@figure=\count191
\c@table=\count192
\abovecaptionskip=\skip47
\belowcaptionskip=\skip48
\bibindent=\dimen138
)
(C:\Users\PC_WIN10\AppData\Local\Programs\MiKTeX\tex/latex/base\inputenc.sty
Package: inputenc 2021/02/14 v1.3d Input encoding file
\inpenc@prehook=\toks16
\inpenc@posthook=\toks17
)
(C:\Users\PC_WIN10\AppData\Local\Programs\MiKTeX\tex/latex/amsmath\amsmath.sty
Package: amsmath 2022/04/08 v2.17n AMS math features
\@mathmargin=\skip49

For additional information on amsmath, use the `?' option.
(C:\Users\PC_WIN10\AppData\Local\Programs\MiKTeX\tex/latex/amsmath\amstext.sty
Package: amstext 2021/08/26 v2.01 AMS text

(C:\Users\PC_WIN10\AppData\Local\Programs\MiKTeX\tex/latex/amsmath\amsgen.sty
File: amsgen.sty 1999/11/30 v2.0 generic functions
\@emptytoks=\toks18
\ex@=\dimen139
)) (C:\Users\PC_WIN10\AppData\Local\Programs\MiKTeX\tex/latex/amsmath\amsbsy.st
y
Package: amsbsy 1999/11/29 v1.2d Bold Symbols
\pmbraise@=\dimen140
) (C:\Users\PC_WIN10\AppData\Local\Programs\MiKTeX\tex/latex/amsmath\amsopn.sty
Package: amsopn 2022/04/08 v2.04 operator names
)
\inf@bad=\count193
LaTeX Info: Redefining \frac on input line 234.
\uproot@=\count194
\leftroot@=\count195
LaTeX Info: Redefining \overline on input line 399.
LaTeX Info: Redefining \colon on input line 410.
\classnum@=\count196
\DOTSCASE@=\count197
LaTeX Info: Redefining \ldots on input line 496.
LaTeX Info: Redefining \dots on input line 499.
LaTeX Info: Redefining \cdots on input line 620.
\Mathstrutbox@=\box51
\strutbox@=\box52
LaTeX Info: Redefining \big on input line 722.
LaTeX Info: Redefining \Big on input line 723.
LaTeX Info: Redefining \bigg on input line 724.
LaTeX Info: Redefining \Bigg on input line 725.
\big@size=\dimen141
LaTeX Font Info:    Redeclaring font encoding OML on input line 743.
LaTeX Font Info:    Redeclaring font encoding OMS on input line 744.
\macc@depth=\count198
LaTeX Info: Redefining \bmod on input line 905.
LaTeX Info: Redefining \pmod on input line 910.
LaTeX Info: Redefining \smash on input line 940.
LaTeX Info: Redefining \relbar on input line 970.
LaTeX Info: Redefining \Relbar on input line 971.
\c@MaxMatrixCols=\count199
\dotsspace@=\muskip16
\c@parentequation=\count266
\dspbrk@lvl=\count267
\tag@help=\toks19
\row@=\count268
\column@=\count269
\maxfields@=\count270
\andhelp@=\toks20
\eqnshift@=\dimen142
\alignsep@=\dimen143
\tagshift@=\dimen144
\tagwidth@=\dimen145
\totwidth@=\dimen146
\lineht@=\dimen147
\@envbody=\toks21
\multlinegap=\skip50
\multlinetaggap=\skip51
\mathdisplay@stack=\toks22
LaTeX Info: Redefining \[ on input line 2953.
LaTeX Info: Redefining \] on input line 2954.
)
(C:\Users\PC_WIN10\AppData\Local\Programs\MiKTeX\tex/latex/amsfonts\amsfonts.st
y
Package: amsfonts 2013/01/14 v3.01 Basic AMSFonts support
\symAMSa=\mathgroup4
\symAMSb=\mathgroup5
LaTeX Font Info:    Redeclaring math symbol \hbar on input line 98.
LaTeX Font Info:    Overwriting math alphabet `\mathfrak' in version `bold'
(Font)                  U/euf/m/n --> U/euf/b/n on input line 106.
)
(C:\Users\PC_WIN10\AppData\Local\Programs\MiKTeX\tex/latex/amsfonts\amssymb.sty
Package: amssymb 2013/01/14 v3.01 AMS font symbols
)
(C:\Users\PC_WIN10\AppData\Local\Programs\MiKTeX\tex/latex/hyphenat\hyphenat.st
y
Package: hyphenat 2009/09/02 v2.3c hyphenation utilities
\langwohyphens=\language79
LaTeX Info: Redefining \_ on input line 43.
)
(C:\Users\PC_WIN10\AppData\Local\Programs\MiKTeX\tex/latex/tools\enumerate.sty
Package: enumerate 2015/07/23 v3.00 enumerate extensions (DPC)
\@enLab=\toks23
) (C:\Users\PC_WIN10\AppData\Local\Programs\MiKTeX\tex/generic/babel\babel.sty
Package: babel 2022/06/26 3.77 The Babel package
\babel@savecnt=\count271
\U@D=\dimen148
\l@unhyphenated=\language80

(C:\Users\PC_WIN10\AppData\Local\Programs\MiKTeX\tex/generic/babel\txtbabel.def
)
\bbl@readstream=\read2
\bbl@dirlevel=\count272

*************************************
* Local config file bblopts.cfg used
*
(C:\Users\PC_WIN10\AppData\Local\Programs\MiKTeX\tex/latex/arabi\bblopts.cfg
File: bblopts.cfg 2005/09/08 v0.1 add Arabic and Farsi to "declared" options of
 babel
)
(C:\Users\PC_WIN10\AppData\Local\Programs\MiKTeX\tex/latex/babel-spanish\spanis
h.ldf
Language: spanish.ldf 2021/05/27 v5.0q Spanish support from the babel system
\es@quottoks=\toks24
\es@quotdepth=\count273
Package babel Info: Making " an active character on input line 570.
Package babel Info: Making . an active character on input line 675.
Package babel Info: Making < an active character on input line 722.
Package babel Info: Making > an active character on input line 722.
))
(C:\Users\PC_WIN10\AppData\Local\Programs\MiKTeX\tex/generic/babel/locale/es\ba
bel-spanish.tex
Package babel Info: Importing font and identification data for spanish
(babel)             from babel-es.ini. Reported on input line 11.
)
(C:\Users\PC_WIN10\AppData\Local\Programs\MiKTeX\tex/latex/graphics\graphicx.st
y
Package: graphicx 2021/09/16 v1.2d Enhanced LaTeX Graphics (DPC,SPQR)

(C:\Users\PC_WIN10\AppData\Local\Programs\MiKTeX\tex/latex/graphics\keyval.sty
Package: keyval 2022/05/29 v1.15 key=value parser (DPC)
\KV@toks@=\toks25
)
(C:\Users\PC_WIN10\AppData\Local\Programs\MiKTeX\tex/latex/graphics\graphics.st
y
Package: graphics 2022/03/10 v1.4e Standard LaTeX Graphics (DPC,SPQR)
 (C:\Users\PC_WIN10\AppData\Local\Programs\MiKTeX\tex/latex/graphics\trig.sty
Package: trig 2021/08/11 v1.11 sin cos tan (DPC)
)
(C:\Users\PC_WIN10\AppData\Local\Programs\MiKTeX\tex/latex/graphics-cfg\graphic
s.cfg
File: graphics.cfg 2016/06/04 v1.11 sample graphics configuration
)
Package graphics Info: Driver file: pdftex.def on input line 107.

(C:\Users\PC_WIN10\AppData\Local\Programs\MiKTeX\tex/latex/graphics-def\pdftex.
def
File: pdftex.def 2020/10/05 v1.2a Graphics/color driver for pdftex
))
\Gin@req@height=\dimen149
\Gin@req@width=\dimen150
)
(C:\Users\PC_WIN10\AppData\Local\Programs\MiKTeX\tex/latex/float\float.sty
Package: float 2001/11/08 v1.3d Float enhancements (AL)
\c@float@type=\count274
\float@exts=\toks26
\float@box=\box53
\@float@everytoks=\toks27
\@floatcapt=\box54
)
(C:\Users\PC_WIN10\AppData\Local\Programs\MiKTeX\tex/latex/tools\array.sty
Package: array 2021/10/04 v2.5f Tabular extension package (FMi)
\col@sep=\dimen151
\ar@mcellbox=\box55
\extrarowheight=\dimen152
\NC@list=\toks28
\extratabsurround=\skip52
\backup@length=\skip53
\ar@cellbox=\box56
)
(C:\Users\PC_WIN10\AppData\Local\Programs\MiKTeX\tex/latex/listings\listings.st
y
\lst@mode=\count275
\lst@gtempboxa=\box57
\lst@token=\toks29
\lst@length=\count276
\lst@currlwidth=\dimen153
\lst@column=\count277
\lst@pos=\count278
\lst@lostspace=\dimen154
\lst@width=\dimen155
\lst@newlines=\count279
\lst@lineno=\count280
\lst@maxwidth=\dimen156

(C:\Users\PC_WIN10\AppData\Local\Programs\MiKTeX\tex/latex/listings\lstmisc.sty
File: lstmisc.sty 2020/03/24 1.8d (Carsten Heinz)
\c@lstnumber=\count281
\lst@skipnumbers=\count282
\lst@framebox=\box58
)
(C:\Users\PC_WIN10\AppData\Local\Programs\MiKTeX\tex/latex/listings\listings.cf
g
File: listings.cfg 2020/03/24 1.8d listings configuration
))
Package: listings 2020/03/24 1.8d (Carsten Heinz)

(C:\Users\PC_WIN10\AppData\Local\Programs\MiKTeX\tex/latex/tcolorbox\tcolorbox.
sty
Package: tcolorbox 2022/06/24 version 5.1.1 text color boxes

(C:\Users\PC_WIN10\AppData\Local\Programs\MiKTeX\tex/latex/pgf/basiclayer\pgf.s
ty
(C:\Users\PC_WIN10\AppData\Local\Programs\MiKTeX\tex/latex/pgf/utilities\pgfrcs
.sty
(C:\Users\PC_WIN10\AppData\Local\Programs\MiKTeX\tex/generic/pgf/utilities\pgfu
til-common.tex
\pgfutil@everybye=\toks30
\pgfutil@tempdima=\dimen157
\pgfutil@tempdimb=\dimen158

(C:\Users\PC_WIN10\AppData\Local\Programs\MiKTeX\tex/generic/pgf/utilities\pgfu
til-common-lists.tex))
(C:\Users\PC_WIN10\AppData\Local\Programs\MiKTeX\tex/generic/pgf/utilities\pgfu
til-latex.def
\pgfutil@abb=\box59
)
(C:\Users\PC_WIN10\AppData\Local\Programs\MiKTeX\tex/generic/pgf/utilities\pgfr
cs.code.tex
(C:\Users\PC_WIN10\AppData\Local\Programs\MiKTeX\tex/generic/pgf\pgf.revision.t
ex)
Package: pgfrcs 2021/05/15 v3.1.9a (3.1.9a)
))
Package: pgf 2021/05/15 v3.1.9a (3.1.9a)

(C:\Users\PC_WIN10\AppData\Local\Programs\MiKTeX\tex/latex/pgf/basiclayer\pgfco
re.sty
(C:\Users\PC_WIN10\AppData\Local\Programs\MiKTeX\tex/latex/pgf/systemlayer\pgfs
ys.sty
(C:\Users\PC_WIN10\AppData\Local\Programs\MiKTeX\tex/generic/pgf/systemlayer\pg
fsys.code.tex
Package: pgfsys 2021/05/15 v3.1.9a (3.1.9a)

(C:\Users\PC_WIN10\AppData\Local\Programs\MiKTeX\tex/generic/pgf/utilities\pgfk
eys.code.tex
\pgfkeys@pathtoks=\toks31
\pgfkeys@temptoks=\toks32

(C:\Users\PC_WIN10\AppData\Local\Programs\MiKTeX\tex/generic/pgf/utilities\pgfk
eysfiltered.code.tex
\pgfkeys@tmptoks=\toks33
))
\pgf@x=\dimen159
\pgf@y=\dimen160
\pgf@xa=\dimen161
\pgf@ya=\dimen162
\pgf@xb=\dimen163
\pgf@yb=\dimen164
\pgf@xc=\dimen165
\pgf@yc=\dimen166
\pgf@xd=\dimen167
\pgf@yd=\dimen168
\w@pgf@writea=\write3
\r@pgf@reada=\read3
\c@pgf@counta=\count283
\c@pgf@countb=\count284
\c@pgf@countc=\count285
\c@pgf@countd=\count286
\t@pgf@toka=\toks34
\t@pgf@tokb=\toks35
\t@pgf@tokc=\toks36
\pgf@sys@id@count=\count287

(C:\Users\PC_WIN10\AppData\Local\Programs\MiKTeX\tex/generic/pgf/systemlayer\pg
f.cfg
File: pgf.cfg 2021/05/15 v3.1.9a (3.1.9a)
)
Driver file for pgf: pgfsys-pdftex.def

(C:\Users\PC_WIN10\AppData\Local\Programs\MiKTeX\tex/generic/pgf/systemlayer\pg
fsys-pdftex.def
File: pgfsys-pdftex.def 2021/05/15 v3.1.9a (3.1.9a)

(C:\Users\PC_WIN10\AppData\Local\Programs\MiKTeX\tex/generic/pgf/systemlayer\pg
fsys-common-pdf.def
File: pgfsys-common-pdf.def 2021/05/15 v3.1.9a (3.1.9a)
)))
(C:\Users\PC_WIN10\AppData\Local\Programs\MiKTeX\tex/generic/pgf/systemlayer\pg
fsyssoftpath.code.tex
File: pgfsyssoftpath.code.tex 2021/05/15 v3.1.9a (3.1.9a)
\pgfsyssoftpath@smallbuffer@items=\count288
\pgfsyssoftpath@bigbuffer@items=\count289
)
(C:\Users\PC_WIN10\AppData\Local\Programs\MiKTeX\tex/generic/pgf/systemlayer\pg
fsysprotocol.code.tex
File: pgfsysprotocol.code.tex 2021/05/15 v3.1.9a (3.1.9a)
))
(C:\Users\PC_WIN10\AppData\Local\Programs\MiKTeX\tex/latex/xcolor\xcolor.sty
Package: xcolor 2022/06/12 v2.14 LaTeX color extensions (UK)

(C:\Users\PC_WIN10\AppData\Local\Programs\MiKTeX\tex/latex/graphics-cfg\color.c
fg
File: color.cfg 2016/01/02 v1.6 sample color configuration
)
Package xcolor Info: Driver file: pdftex.def on input line 227.

(C:\Users\PC_WIN10\AppData\Local\Programs\MiKTeX\tex/latex-dev/graphics\mathcol
or.ltx)
Package xcolor Info: Model `cmy' substituted by `cmy0' on input line 1353.
Package xcolor Info: Model `hsb' substituted by `rgb' on input line 1357.
Package xcolor Info: Model `RGB' extended on input line 1369.
Package xcolor Info: Model `HTML' substituted by `rgb' on input line 1371.
Package xcolor Info: Model `Hsb' substituted by `hsb' on input line 1372.
Package xcolor Info: Model `tHsb' substituted by `hsb' on input line 1373.
Package xcolor Info: Model `HSB' substituted by `hsb' on input line 1374.
Package xcolor Info: Model `Gray' substituted by `gray' on input line 1375.
Package xcolor Info: Model `wave' substituted by `hsb' on input line 1376.
)
(C:\Users\PC_WIN10\AppData\Local\Programs\MiKTeX\tex/generic/pgf/basiclayer\pgf
core.code.tex
Package: pgfcore 2021/05/15 v3.1.9a (3.1.9a)

(C:\Users\PC_WIN10\AppData\Local\Programs\MiKTeX\tex/generic/pgf/math\pgfmath.c
ode.tex
(C:\Users\PC_WIN10\AppData\Local\Programs\MiKTeX\tex/generic/pgf/math\pgfmathca
lc.code.tex
(C:\Users\PC_WIN10\AppData\Local\Programs\MiKTeX\tex/generic/pgf/math\pgfmathut
il.code.tex)
(C:\Users\PC_WIN10\AppData\Local\Programs\MiKTeX\tex/generic/pgf/math\pgfmathpa
rser.code.tex
\pgfmath@dimen=\dimen169
\pgfmath@count=\count290
\pgfmath@box=\box60
\pgfmath@toks=\toks37
\pgfmath@stack@operand=\toks38
\pgfmath@stack@operation=\toks39
)
(C:\Users\PC_WIN10\AppData\Local\Programs\MiKTeX\tex/generic/pgf/math\pgfmathfu
nctions.code.tex
(C:\Users\PC_WIN10\AppData\Local\Programs\MiKTeX\tex/generic/pgf/math\pgfmathfu
nctions.basic.code.tex)
(C:\Users\PC_WIN10\AppData\Local\Programs\MiKTeX\tex/generic/pgf/math\pgfmathfu
nctions.trigonometric.code.tex)
(C:\Users\PC_WIN10\AppData\Local\Programs\MiKTeX\tex/generic/pgf/math\pgfmathfu
nctions.random.code.tex)
(C:\Users\PC_WIN10\AppData\Local\Programs\MiKTeX\tex/generic/pgf/math\pgfmathfu
nctions.comparison.code.tex)
(C:\Users\PC_WIN10\AppData\Local\Programs\MiKTeX\tex/generic/pgf/math\pgfmathfu
nctions.base.code.tex)
(C:\Users\PC_WIN10\AppData\Local\Programs\MiKTeX\tex/generic/pgf/math\pgfmathfu
nctions.round.code.tex)
(C:\Users\PC_WIN10\AppData\Local\Programs\MiKTeX\tex/generic/pgf/math\pgfmathfu
nctions.misc.code.tex)
(C:\Users\PC_WIN10\AppData\Local\Programs\MiKTeX\tex/generic/pgf/math\pgfmathfu
nctions.integerarithmetics.code.tex)))
(C:\Users\PC_WIN10\AppData\Local\Programs\MiKTeX\tex/generic/pgf/math\pgfmathfl
oat.code.tex
\c@pgfmathroundto@lastzeros=\count291
))
(C:\Users\PC_WIN10\AppData\Local\Programs\MiKTeX\tex/generic/pgf/math\pgfint.co
de.tex)
(C:\Users\PC_WIN10\AppData\Local\Programs\MiKTeX\tex/generic/pgf/basiclayer\pgf
corepoints.code.tex
File: pgfcorepoints.code.tex 2021/05/15 v3.1.9a (3.1.9a)
\pgf@picminx=\dimen170
\pgf@picmaxx=\dimen171
\pgf@picminy=\dimen172
\pgf@picmaxy=\dimen173
\pgf@pathminx=\dimen174
\pgf@pathmaxx=\dimen175
\pgf@pathminy=\dimen176
\pgf@pathmaxy=\dimen177
\pgf@xx=\dimen178
\pgf@xy=\dimen179
\pgf@yx=\dimen180
\pgf@yy=\dimen181
\pgf@zx=\dimen182
\pgf@zy=\dimen183
)
(C:\Users\PC_WIN10\AppData\Local\Programs\MiKTeX\tex/generic/pgf/basiclayer\pgf
corepathconstruct.code.tex
File: pgfcorepathconstruct.code.tex 2021/05/15 v3.1.9a (3.1.9a)
\pgf@path@lastx=\dimen184
\pgf@path@lasty=\dimen185
)
(C:\Users\PC_WIN10\AppData\Local\Programs\MiKTeX\tex/generic/pgf/basiclayer\pgf
corepathusage.code.tex
File: pgfcorepathusage.code.tex 2021/05/15 v3.1.9a (3.1.9a)
\pgf@shorten@end@additional=\dimen186
\pgf@shorten@start@additional=\dimen187
)
(C:\Users\PC_WIN10\AppData\Local\Programs\MiKTeX\tex/generic/pgf/basiclayer\pgf
corescopes.code.tex
File: pgfcorescopes.code.tex 2021/05/15 v3.1.9a (3.1.9a)
\pgfpic=\box61
\pgf@hbox=\box62
\pgf@layerbox@main=\box63
\pgf@picture@serial@count=\count292
)
(C:\Users\PC_WIN10\AppData\Local\Programs\MiKTeX\tex/generic/pgf/basiclayer\pgf
coregraphicstate.code.tex
File: pgfcoregraphicstate.code.tex 2021/05/15 v3.1.9a (3.1.9a)
\pgflinewidth=\dimen188
)
(C:\Users\PC_WIN10\AppData\Local\Programs\MiKTeX\tex/generic/pgf/basiclayer\pgf
coretransformations.code.tex
File: pgfcoretransformations.code.tex 2021/05/15 v3.1.9a (3.1.9a)
\pgf@pt@x=\dimen189
\pgf@pt@y=\dimen190
\pgf@pt@temp=\dimen191
)
(C:\Users\PC_WIN10\AppData\Local\Programs\MiKTeX\tex/generic/pgf/basiclayer\pgf
corequick.code.tex
File: pgfcorequick.code.tex 2021/05/15 v3.1.9a (3.1.9a)
)
(C:\Users\PC_WIN10\AppData\Local\Programs\MiKTeX\tex/generic/pgf/basiclayer\pgf
coreobjects.code.tex
File: pgfcoreobjects.code.tex 2021/05/15 v3.1.9a (3.1.9a)
)
(C:\Users\PC_WIN10\AppData\Local\Programs\MiKTeX\tex/generic/pgf/basiclayer\pgf
corepathprocessing.code.tex
File: pgfcorepathprocessing.code.tex 2021/05/15 v3.1.9a (3.1.9a)
)
(C:\Users\PC_WIN10\AppData\Local\Programs\MiKTeX\tex/generic/pgf/basiclayer\pgf
corearrows.code.tex
File: pgfcorearrows.code.tex 2021/05/15 v3.1.9a (3.1.9a)
\pgfarrowsep=\dimen192
)
(C:\Users\PC_WIN10\AppData\Local\Programs\MiKTeX\tex/generic/pgf/basiclayer\pgf
coreshade.code.tex
File: pgfcoreshade.code.tex 2021/05/15 v3.1.9a (3.1.9a)
\pgf@max=\dimen193
\pgf@sys@shading@range@num=\count293
\pgf@shadingcount=\count294
)
(C:\Users\PC_WIN10\AppData\Local\Programs\MiKTeX\tex/generic/pgf/basiclayer\pgf
coreimage.code.tex
File: pgfcoreimage.code.tex 2021/05/15 v3.1.9a (3.1.9a)

(C:\Users\PC_WIN10\AppData\Local\Programs\MiKTeX\tex/generic/pgf/basiclayer\pgf
coreexternal.code.tex
File: pgfcoreexternal.code.tex 2021/05/15 v3.1.9a (3.1.9a)
\pgfexternal@startupbox=\box64
))
(C:\Users\PC_WIN10\AppData\Local\Programs\MiKTeX\tex/generic/pgf/basiclayer\pgf
corelayers.code.tex
File: pgfcorelayers.code.tex 2021/05/15 v3.1.9a (3.1.9a)
)
(C:\Users\PC_WIN10\AppData\Local\Programs\MiKTeX\tex/generic/pgf/basiclayer\pgf
coretransparency.code.tex
File: pgfcoretransparency.code.tex 2021/05/15 v3.1.9a (3.1.9a)
)
(C:\Users\PC_WIN10\AppData\Local\Programs\MiKTeX\tex/generic/pgf/basiclayer\pgf
corepatterns.code.tex
File: pgfcorepatterns.code.tex 2021/05/15 v3.1.9a (3.1.9a)
)
(C:\Users\PC_WIN10\AppData\Local\Programs\MiKTeX\tex/generic/pgf/basiclayer\pgf
corerdf.code.tex
File: pgfcorerdf.code.tex 2021/05/15 v3.1.9a (3.1.9a)
)))
(C:\Users\PC_WIN10\AppData\Local\Programs\MiKTeX\tex/generic/pgf/modules\pgfmod
uleshapes.code.tex
File: pgfmoduleshapes.code.tex 2021/05/15 v3.1.9a (3.1.9a)
\pgfnodeparttextbox=\box65
)
(C:\Users\PC_WIN10\AppData\Local\Programs\MiKTeX\tex/generic/pgf/modules\pgfmod
uleplot.code.tex
File: pgfmoduleplot.code.tex 2021/05/15 v3.1.9a (3.1.9a)
)
(C:\Users\PC_WIN10\AppData\Local\Programs\MiKTeX\tex/latex/pgf/compatibility\pg
fcomp-version-0-65.sty
Package: pgfcomp-version-0-65 2021/05/15 v3.1.9a (3.1.9a)
\pgf@nodesepstart=\dimen194
\pgf@nodesepend=\dimen195
)
(C:\Users\PC_WIN10\AppData\Local\Programs\MiKTeX\tex/latex/pgf/compatibility\pg
fcomp-version-1-18.sty
Package: pgfcomp-version-1-18 2021/05/15 v3.1.9a (3.1.9a)
))
(C:\Users\PC_WIN10\AppData\Local\Programs\MiKTeX\tex/latex/tools\verbatim.sty
Package: verbatim 2020-07-07 v1.5u LaTeX2e package for verbatim enhancements
\every@verbatim=\toks40
\verbatim@line=\toks41
\verbatim@in@stream=\read4
)
(C:\Users\PC_WIN10\AppData\Local\Programs\MiKTeX\tex/latex/environ\environ.sty
Package: environ 2014/05/04 v0.3 A new way to define environments

(C:\Users\PC_WIN10\AppData\Local\Programs\MiKTeX\tex/latex/trimspaces\trimspace
s.sty
Package: trimspaces 2009/09/17 v1.1 Trim spaces around a token list
))
(C:\Users\PC_WIN10\AppData\Local\Programs\MiKTeX\tex/latex/etoolbox\etoolbox.st
y
Package: etoolbox 2020/10/05 v2.5k e-TeX tools for LaTeX (JAW)
\etb@tempcnta=\count295
)
\tcb@titlebox=\box66
\tcb@upperbox=\box67
\tcb@lowerbox=\box68
\tcb@phantombox=\box69
\c@tcbbreakpart=\count296
\c@tcblayer=\count297
\c@tcolorbox@number=\count298
\tcb@temp=\box70
\tcb@temp=\box71
\tcb@temp=\box72
\tcb@temp=\box73
)
(C:\Users\PC_WIN10\AppData\Local\Programs\MiKTeX\tex/latex/l3backend\l3backend-
pdftex.def
File: l3backend-pdftex.def 2022-07-01 L3 backend support: PDF output (pdfTeX)
\l__color_backend_stack_int=\count299
\l__pdf_internal_box=\box74
) (requirements_specifications.aux
LaTeX Info: Redefining \. on input line 8.
LaTeX Info: Redefining \% on input line 8.
)
\openout1 = `requirements_specifications.aux'.

LaTeX Font Info:    Checking defaults for OML/cmm/m/it on input line 18.
LaTeX Font Info:    ... okay on input line 18.
LaTeX Font Info:    Checking defaults for OMS/cmsy/m/n on input line 18.
LaTeX Font Info:    ... okay on input line 18.
LaTeX Font Info:    Checking defaults for OT1/cmr/m/n on input line 18.
LaTeX Font Info:    ... okay on input line 18.
LaTeX Font Info:    Checking defaults for T1/cmr/m/n on input line 18.
LaTeX Font Info:    ... okay on input line 18.
LaTeX Font Info:    Checking defaults for TS1/cmr/m/n on input line 18.
LaTeX Font Info:    ... okay on input line 18.
LaTeX Font Info:    Checking defaults for OMX/cmex/m/n on input line 18.
LaTeX Font Info:    ... okay on input line 18.
LaTeX Font Info:    Checking defaults for U/cmr/m/n on input line 18.
LaTeX Font Info:    ... okay on input line 18.
LaTeX Info: Redefining \. on input line 18.
LaTeX Info: Redefining \% on input line 18.

(C:\Users\PC_WIN10\AppData\Local\Programs\MiKTeX\tex/context/base/mkii\supp-pdf
.mkii
[Loading MPS to PDF converter (version 2006.09.02).]
\scratchcounter=\count300
\scratchdimen=\dimen196
\scratchbox=\box75
\nofMPsegments=\count301
\nofMParguments=\count302
\everyMPshowfont=\toks42
\MPscratchCnt=\count303
\MPscratchDim=\dimen197
\MPnumerator=\count304
\makeMPintoPDFobject=\count305
\everyMPtoPDFconversion=\toks43
)
(C:\Users\PC_WIN10\AppData\Local\Programs\MiKTeX\tex/latex/epstopdf-pkg\epstopd
f-base.sty
Package: epstopdf-base 2020-01-24 v2.11 Base part for package epstopdf
Package epstopdf-base Info: Redefining graphics rule for `.eps' on input line 4
85.

(C:\Users\PC_WIN10\AppData\Local\Programs\MiKTeX\tex/latex/00miktex\epstopdf-sy
s.cfg
File: epstopdf-sys.cfg 2021/03/18 v2.0 Configuration of epstopdf for MiKTeX
))
\c@lstlisting=\count306
<IMAGES//logo.png, id=4, 1204.5pt x 1720.4275pt>
File: IMAGES//logo.png Graphic file (type png)
<use IMAGES//logo.png>
Package pdftex.def Info: IMAGES//logo.png  used on input line 21.
(pdftex.def)             Requested size: 70.19714pt x 100.25476pt.
 [1

{C:/Users/PC_WIN10/AppData/Local/MiKTeX/fonts/map/pdftex/pdftex.map} <./IMAGES/
/logo.png>] (requirements_specifications.toc
LaTeX Info: Redefining \. on input line 1.
LaTeX Info: Redefining \% on input line 1.
LaTeX Font Info:    Trying to load font information for U+msa on input line 3.

(C:\Users\PC_WIN10\AppData\Local\Programs\MiKTeX\tex/latex/amsfonts\umsa.fd
File: umsa.fd 2013/01/14 v3.01 AMS symbols A
)
LaTeX Font Info:    Trying to load font information for U+msb on input line 3.

(C:\Users\PC_WIN10\AppData\Local\Programs\MiKTeX\tex/latex/amsfonts\umsb.fd
File: umsb.fd 2013/01/14 v3.01 AMS symbols B
))
\tf@toc=\write4
\openout4 = `requirements_specifications.toc'.

LaTeX Info: Redefining \. on input line 42.
LaTeX Info: Redefining \% on input line 42.

[1]
Underfull \hbox (badness 10000) in paragraph at lines 48--49

 []

LaTeX Info: Redefining \. on input line 61.
LaTeX Info: Redefining \% on input line 61.
[2]
Overfull \hbox (21.48492pt too wide) in paragraph at lines 61--62
[]\OT1/cmr/bx/n/12 Software: \OT1/cmr/m/n/12 Con-jun-to de pro-gra-mas y ru-ti-
nas que per-mi-ten a la compu-tado-ra
 []


Overfull \hbox (6.05461pt too wide) in paragraph at lines 62--63
[]\OT1/cmr/bx/n/12 Front-end: \OT1/cmr/m/n/12 Es la par-te de una apli-ca-ci^^S
on que in-ter-act^^Sua con los usua-rios,
 []


Overfull \hbox (22.43245pt too wide) in paragraph at lines 62--63
\OT1/cmr/m/n/12 te-cla-do, mo-vi-mien-tos, des-pla-za-mien-tos, efec-tos vi-sua
-les... y otros ele-men-tos
 []


Overfull \hbox (3.10132pt too wide) in paragraph at lines 63--64
\OT1/cmr/m/n/12 pa-san en una web pe-ro que no ve-mos co-mo, por ejem-plo, la c
o-mu-ni-ca-ci^^Son
 []

<IMAGES//logo_memento.png, id=23, 2007.5pt x 1505.625pt>
File: IMAGES//logo_memento.png Graphic file (type png)
<use IMAGES//logo_memento.png>
Package pdftex.def Info: IMAGES//logo_memento.png  used on input line 79.
(pdftex.def)             Requested size: 195.0pt x 146.22923pt.
LaTeX Info: Redefining \. on input line 82.
LaTeX Info: Redefining \% on input line 82.
[3]
Overfull \hbox (16.81802pt too wide) in paragraph at lines 94--95
[]\OT1/cmr/m/n/12 Gestionar los afi-lia-dos de la EPS, que pue-den ser tra-ba-j
a-do-res de-pen-dien-tes
 []

LaTeX Info: Redefining \. on input line 95.
LaTeX Info: Redefining \% on input line 95.
[4 <./IMAGES//logo_memento.png>]
Overfull \hbox (61.9913pt too wide) in paragraph at lines 104--116
 [] 
 []


Overfull \hbox (61.9913pt too wide) in paragraph at lines 117--129
 [][] 
 []


Overfull \hbox (61.9913pt too wide) in paragraph at lines 130--142
 [][] 
 []

LaTeX Info: Redefining \. on input line 147.
LaTeX Info: Redefining \% on input line 147.
[5]
Underfull \hbox (badness 10000) in paragraph at lines 167--168
[]|\OT1/cmr/m/n/12 El sis-te-ma de-be per-mi-tir ges-tio-nar to-da la
 []


Underfull \hbox (badness 1688) in paragraph at lines 167--168
\OT1/cmr/m/n/12 in-for-ma-ci^^Son de los co-ti-zan-tes de la EPS: Ti-po
 []


Underfull \hbox (badness 1308) in paragraph at lines 167--168
\OT1/cmr/m/n/12 ape-lli-dos, nom-bres, fe-cha de na-ci-mien-to, g^^Sene-ro,
 []


Overfull \hbox (61.9913pt too wide) in paragraph at lines 161--179
 [] 
 []

LaTeX Info: Redefining \. on input line 179.
LaTeX Info: Redefining \% on input line 179.
[6]
Underfull \hbox (badness 6284) in paragraph at lines 186--187
\OT1/cmr/m/n/12 Ti-po y n^^Sume-ro de do-cu-men-to de iden-ti-dad,
 []


Underfull \hbox (badness 1308) in paragraph at lines 186--187
\OT1/cmr/m/n/12 ape-lli-dos, nom-bres, fe-cha de na-ci-mien-to, g^^Sene-ro,
 []


Overfull \hbox (61.9913pt too wide) in paragraph at lines 180--198
 [][] 
 []


Underfull \hbox (badness 1436) in paragraph at lines 205--206
\OT1/cmr/m/n/12 de las em-pre-sas que con-tra-tan a los co-ti-zan-tes
 []


Underfull \hbox (badness 1708) in paragraph at lines 205--206
\OT1/cmr/m/n/12 tra-ba-ja-do-res in-de-pen-dien-tes se de-be re-gis-trar el
 []


Overfull \hbox (61.9913pt too wide) in paragraph at lines 199--217
 [][] 
 []

LaTeX Info: Redefining \. on input line 217.
LaTeX Info: Redefining \% on input line 217.
[7]
Overfull \hbox (61.9913pt too wide) in paragraph at lines 218--236
 [][] 
 []


Overfull \hbox (61.9913pt too wide) in paragraph at lines 237--253
 [][] 
 []

LaTeX Info: Redefining \. on input line 253.
LaTeX Info: Redefining \% on input line 253.
[8]
Underfull \hbox (badness 1755) in paragraph at lines 260--261
[]|\OT1/cmr/m/n/12 El sis-te-ma de-be per-mi-tir ge-ne-rar los si-guien-tes
 []


Overfull \hbox (61.9913pt too wide) in paragraph at lines 254--272
 [][] 
 []


Overfull \hbox (61.9913pt too wide) in paragraph at lines 273--285
 [][] 
 []


Underfull \hbox (badness 7851) in paragraph at lines 292--293
[]|\OT1/cmr/m/n/12 El sis-te-ma de-be per-mi-tir al ban-co re-por-tar
 []


Overfull \hbox (61.9913pt too wide) in paragraph at lines 286--298
 [][] 
 []

LaTeX Info: Redefining \. on input line 298.
LaTeX Info: Redefining \% on input line 298.
[9]
Overfull \hbox (61.9913pt too wide) in paragraph at lines 299--311
 [][] 
 []


Overfull \hbox (61.9913pt too wide) in paragraph at lines 312--324
 [][] 
 []


Overfull \hbox (61.9913pt too wide) in paragraph at lines 325--337
 [][] 
 []


Overfull \hbox (61.9913pt too wide) in paragraph at lines 340--352
 [] 
 []

LaTeX Info: Redefining \. on input line 352.
LaTeX Info: Redefining \% on input line 352.
[10]
Overfull \hbox (61.9913pt too wide) in paragraph at lines 353--365
 [][] 
 []


Overfull \hbox (61.9913pt too wide) in paragraph at lines 366--378
 [][] 
 []


Overfull \hbox (61.9913pt too wide) in paragraph at lines 379--391
 [][] 
 []


Underfull \hbox (badness 1701) in paragraph at lines 398--399
[]|\OT1/cmr/m/n/12 El sis-te-ma so-li-ci-tar^^Sa usua-rio y con-tra-se~na pa-ra

 []


Overfull \hbox (61.9913pt too wide) in paragraph at lines 392--404
 [][] 
 []


Underfull \hbox (badness 5359) in paragraph at lines 411--412
[]|\OT1/cmr/m/n/12 Al sis-te-ma so-lo pue-den in-gre-sar los usua-rios
 []


Overfull \hbox (61.9913pt too wide) in paragraph at lines 405--417
 [][] 
 []


Overfull \hbox (61.9913pt too wide) in paragraph at lines 418--430
 [][] 
 []


Overfull \hbox (61.9913pt too wide) in paragraph at lines 431--443
 [][] 
 []

LaTeX Info: Redefining \. on input line 443.
LaTeX Info: Redefining \% on input line 443.
[11]
<IMAGES//use_cases_diagram.pdf, id=53, 614.295pt x 794.97pt>
File: IMAGES//use_cases_diagram.pdf Graphic file (type pdf)
<use IMAGES//use_cases_diagram.pdf>
Package pdftex.def Info: IMAGES//use_cases_diagram.pdf  used on input line 447.

(pdftex.def)             Requested size: 390.0pt x 504.71544pt.
LaTeX Info: Redefining \. on input line 450.
LaTeX Info: Redefining \% on input line 450.
 [12]
Underfull \hbox (badness 3668) in paragraph at lines 464--465
[]\OT1/cmr/bx/n/12 P1. \OT1/cmr/m/n/12 El ad-mi-nis-tra-dor se-lec-cio-na la op
-ci^^Son de
 []


Overfull \hbox (61.9913pt too wide) in paragraph at lines 452--493
 [] 
 []

LaTeX Info: Redefining \. on input line 493.
LaTeX Info: Redefining \% on input line 493.
[13 <./IMAGES//use_cases_diagram.pdf>]
Underfull \hbox (badness 1057) in paragraph at lines 498--499
[]|\OT1/cmr/m/n/12 Permite re-por-tar den-tro del sis-te-ma el pa-go de
 []


Overfull \hbox (61.9913pt too wide) in paragraph at lines 494--535
 [][] 
 []

LaTeX Info: Redefining \. on input line 535.
LaTeX Info: Redefining \% on input line 535.
[14]
Underfull \hbox (badness 3746) in paragraph at lines 540--541
[]|\OT1/cmr/m/n/12 Permite con-sul-tar la in-for-ma-ci^^Son del co-ti-zan-te
 []


Underfull \hbox (badness 1033) in paragraph at lines 544--545
[]|\OT1/cmr/m/n/12 El co-ti-zan-te de-be ha-ber-se au-ten-ti-ca-do de for-ma
 []


Underfull \hbox (badness 4242) in paragraph at lines 550--552
[]\OT1/cmr/bx/n/12 P2. \OT1/cmr/m/n/12 El sis-te-ma des-plie-ga una p^^Sagi-na 
con la
 []


Overfull \hbox (61.9913pt too wide) in paragraph at lines 536--562
 [][] 
 []

LaTeX Info: Redefining \. on input line 562.
LaTeX Info: Redefining \% on input line 562.
[15]
Underfull \hbox (badness 1178) in paragraph at lines 575--576
[]\OT1/cmr/bx/n/12 P1. \OT1/cmr/m/n/12 El usua-rio so-li-ci-ta al sis-te-ma en-
trar en la
 []


Underfull \hbox (badness 3815) in paragraph at lines 588--589
[]\OT1/cmr/bx/n/12 A1. \OT1/cmr/m/n/12 El nom-bre de usua-rio o con-tra-se~na s
on
 []


Overfull \hbox (61.9913pt too wide) in paragraph at lines 563--602
 [][] 
 []

LaTeX Info: Redefining \. on input line 602.
LaTeX Info: Redefining \% on input line 602.
[16]
Underfull \hbox (badness 4792) in paragraph at lines 619--620
[]\OT1/cmr/bx/n/12 P3. \OT1/cmr/m/n/12 El ad-mi-nis-tra-dor re-gis-tra DNI, Nom
-bres,
 []


Underfull \hbox (badness 10000) in paragraph at lines 619--620
\OT1/cmr/m/n/12 Ape-lli-dos, Fe-cha de Na-ci-mien-to, Ciu-dad de
 []


Underfull \hbox (badness 3128) in paragraph at lines 619--620
\OT1/cmr/m/n/12 Re-si-den-cia, Tel^^Sefono, e-mail, Di-rec-ci^^Son, G^^Sene-ro,

 []


Underfull \hbox (badness 1565) in paragraph at lines 619--620
\OT1/cmr/m/n/12 Es-ta-do Ci-vil, Es-ta-do Ac-tual, Pa-ren-tes-co con el
 []


Underfull \hbox (badness 1320) in paragraph at lines 634--635
\OT1/cmr/m/n/12 re-gis-tra-do, el sis-te-ma de-be mos-trar un men-sa-je
 []


Overfull \hbox (61.9913pt too wide) in paragraph at lines 603--644
 [][] 
 []

LaTeX Info: Redefining \. on input line 644.
LaTeX Info: Redefining \% on input line 644.
[17]
Underfull \hbox (badness 4792) in paragraph at lines 661--662
[]\OT1/cmr/bx/n/12 P3. \OT1/cmr/m/n/12 El ad-mi-nis-tra-dor re-gis-tra DNI, Nom
-bres,
 []


Underfull \hbox (badness 10000) in paragraph at lines 661--662
\OT1/cmr/m/n/12 Ape-lli-dos, Fe-cha de Na-ci-mien-to, Ciu-dad de
 []


Underfull \hbox (badness 3128) in paragraph at lines 661--662
\OT1/cmr/m/n/12 Re-si-den-cia, Tel^^Sefono, e-mail, Di-rec-ci^^Son, G^^Sene-ro,

 []


Underfull \hbox (badness 1394) in paragraph at lines 661--662
\OT1/cmr/m/n/12 Es-ta-do Ci-vil, Es-ta-do Ac-tual, Fe-cha de Pri-me-ra
 []


Overfull \hbox (61.9913pt too wide) in paragraph at lines 645--686
 [][] 
 []

LaTeX Info: Redefining \. on input line 686.
LaTeX Info: Redefining \% on input line 686.
[18]
Underfull \hbox (badness 1838) in paragraph at lines 718--719
[]\OT1/cmr/m/n/12 4.1. Si el NIT co-rres-pon-de a una em-pre-sa ya
 []


Underfull \hbox (badness 1320) in paragraph at lines 718--719
\OT1/cmr/m/n/12 re-gis-tra-da, el sis-te-ma de-be mos-trar un men-sa-je
 []


Overfull \hbox (61.9913pt too wide) in paragraph at lines 687--727
 [][] 
 []

LaTeX Info: Redefining \. on input line 727.
LaTeX Info: Redefining \% on input line 727.
[19]
<IMAGES//Entity_relationship_diagram.pdf, id=103, 614.295pt x 794.97pt>
File: IMAGES//Entity_relationship_diagram.pdf Graphic file (type pdf)
<use IMAGES//Entity_relationship_diagram.pdf>
Package pdftex.def Info: IMAGES//Entity_relationship_diagram.pdf  used on input
 line 731.
(pdftex.def)             Requested size: 390.0pt x 504.71544pt.

Underfull \hbox (badness 10000) in paragraph at lines 735--736
[]\OT1/cmr/bx/n/12 AFILIADO \OT1/cmr/m/n/12 ($[]$, Ti-po-Di, Ape-lli-dos, Nom-b
res, Fe-chaN-to,
 []


Underfull \hbox (badness 10000) in paragraph at lines 753--754
\OT1/cmr/bx/n/12 EMPRESA \OT1/cmr/m/n/12 ($[]$, Raz^^SonSo-cial, Ciu-dad, Di-re
c-ci^^Son, Tel^^Sefono,
 []


Underfull \hbox (badness 10000) in paragraph at lines 753--754

 []


Underfull \hbox (badness 10000) in paragraph at lines 770--771

 []

LaTeX Info: Redefining \. on input line 776.
LaTeX Info: Redefining \% on input line 776.
[20]
LaTeX Info: Redefining \. on input line 787.
LaTeX Info: Redefining \% on input line 787.
 [21 <./IMAGES//Entity_relationship_diagram.pdf>]
Overfull \vbox (58.3633pt too high) has occurred while \output is active []

LaTeX Info: Redefining \. on input line 787.
LaTeX Info: Redefining \% on input line 787.

[22]
<IMAGES//RelationalModel.pdf, id=138, 796.9617pt x 1231.60027pt>
File: IMAGES//RelationalModel.pdf Graphic file (type pdf)
<use IMAGES//RelationalModel.pdf>
Package pdftex.def Info: IMAGES//RelationalModel.pdf  used on input line 790.
(pdftex.def)             Requested size: 234.00238pt x 361.6088pt.

(C:\Users\PC_WIN10\AppData\Local\Programs\MiKTeX\tex/latex/listings\lstlang1.st
y
File: lstlang1.sty 2020/03/24 1.8d listings language file
)
LaTeX Info: Redefining \. on input line 802.
LaTeX Info: Redefining \% on input line 802.
 [23 <./IMAGES//RelationalModel.pdf>]
<IMAGES//Mockup.jpg, id=172, 1018.80624pt x 1424.32124pt>
File: IMAGES//Mockup.jpg Graphic file (type jpg)
<use IMAGES//Mockup.jpg>
Package pdftex.def Info: IMAGES//Mockup.jpg  used on input line 810.
(pdftex.def)             Requested size: 390.0pt x 545.22491pt.
LaTeX Info: Redefining \. on input line 813.
LaTeX Info: Redefining \% on input line 813.
 [24]
Overfull \vbox (73.24156pt too high) has occurred while \output is active []

LaTeX Info: Redefining \. on input line 813.
LaTeX Info: Redefining \% on input line 813.

[25 <./IMAGES//Mockup.jpg>] (requirements_specifications.aux
LaTeX Info: Redefining \. on input line 8.
LaTeX Info: Redefining \% on input line 8.
) ) 
Here is how much of TeX's memory you used:
 16427 strings out of 478338
 317904 string characters out of 2835284
 793743 words of memory out of 3000000
 34591 multiletter control sequences out of 15000+600000
 478015 words of font info for 59 fonts, out of 8000000 for 9000
 1141 hyphenation exceptions out of 8191
 83i,10n,89p,547b,1456s stack positions out of 10000i,1000n,20000p,200000b,80000s
 <C:\Users\PC_WIN10\AppData\Local\MiKTeX\fonts/pk/ljfour/jknappen/ec/dpi600\
tcrm1200.pk><C:/Users/PC_WIN10/AppData/Local/Programs/MiKTeX/fonts/type1/public
/amsfonts/cm/cmbx12.pfb><C:/Users/PC_WIN10/AppData/Local/Programs/MiKTeX/fonts/
type1/public/amsfonts/cm/cmcsc10.pfb><C:/Users/PC_WIN10/AppData/Local/Programs/
MiKTeX/fonts/type1/public/amsfonts/cm/cmr12.pfb><C:/Users/PC_WIN10/AppData/Loca
l/Programs/MiKTeX/fonts/type1/public/amsfonts/cm/cmr17.pfb><C:/Users/PC_WIN10/A
ppData/Local/Programs/MiKTeX/fonts/type1/public/amsfonts/cm/cmsl12.pfb><C:/User
s/PC_WIN10/AppData/Local/Programs/MiKTeX/fonts/type1/public/amsfonts/cm/cmsy10.
pfb><C:/Users/PC_WIN10/AppData/Local/Programs/MiKTeX/fonts/type1/public/amsfont
s/cm/cmti12.pfb>
Output written on requirements_specifications.pdf (26 pages, 587790 bytes).
PDF statistics:
 215 PDF objects out of 1000 (max. 8388607)
 0 named destinations out of 1000 (max. 500000)
 43 words of extra memory for PDF output out of 10000 (max. 10000000)

